  [1m[36m (0.9ms)[0m  [1mCREATE TABLE "authors" ("id" INTEGER PRIMARY KEY AUTOINCREMENT NOT NULL, "name" varchar, "genre" varchar, "bio" text, "created_at" datetime NOT NULL, "updated_at" datetime NOT NULL) [0m
  [1m[35m (0.6ms)[0m  CREATE TABLE "posts" ("id" INTEGER PRIMARY KEY AUTOINCREMENT NOT NULL, "title" varchar, "description" text, "created_at" datetime NOT NULL, "updated_at" datetime NOT NULL, "post_status" boolean, "author_id" integer) 
  [1m[36m (0.8ms)[0m  [1mCREATE TABLE "schema_migrations" ("version" varchar NOT NULL) [0m
  [1m[35m (0.4ms)[0m  select sqlite_version(*)
  [1m[36m (0.6ms)[0m  [1mCREATE UNIQUE INDEX "unique_schema_migrations" ON "schema_migrations" ("version")[0m
  [1m[35m (0.1ms)[0m  SELECT version FROM "schema_migrations"
  [1m[36m (0.5ms)[0m  [1mINSERT INTO "schema_migrations" (version) VALUES ('20160113011820')[0m
  [1m[35m (0.9ms)[0m  INSERT INTO "schema_migrations" (version) VALUES ('20151230232412')
  [1m[36m (0.6ms)[0m  [1mINSERT INTO "schema_migrations" (version) VALUES ('20160113011041')[0m
  [1m[35m (0.6ms)[0m  INSERT INTO "schema_migrations" (version) VALUES ('20160113011150')
  [1m[36m (0.7ms)[0m  [1mCREATE TABLE "authors" ("id" INTEGER PRIMARY KEY AUTOINCREMENT NOT NULL, "name" varchar, "genre" varchar, "bio" text, "created_at" datetime NOT NULL, "updated_at" datetime NOT NULL) [0m
  [1m[35m (0.6ms)[0m  CREATE TABLE "posts" ("id" INTEGER PRIMARY KEY AUTOINCREMENT NOT NULL, "title" varchar, "description" text, "created_at" datetime NOT NULL, "updated_at" datetime NOT NULL, "post_status" boolean, "author_id" integer) 
  [1m[36m (0.6ms)[0m  [1mCREATE TABLE "schema_migrations" ("version" varchar NOT NULL) [0m
  [1m[35m (0.0ms)[0m  select sqlite_version(*)
  [1m[36m (0.6ms)[0m  [1mCREATE UNIQUE INDEX "unique_schema_migrations" ON "schema_migrations" ("version")[0m
  [1m[35m (0.1ms)[0m  SELECT version FROM "schema_migrations"
  [1m[36m (0.6ms)[0m  [1mINSERT INTO "schema_migrations" (version) VALUES ('20160113011820')[0m
  [1m[35m (0.7ms)[0m  INSERT INTO "schema_migrations" (version) VALUES ('20151230232412')
  [1m[36m (0.6ms)[0m  [1mINSERT INTO "schema_migrations" (version) VALUES ('20160113011041')[0m
  [1m[35m (0.6ms)[0m  INSERT INTO "schema_migrations" (version) VALUES ('20160113011150')
  [1m[36mActiveRecord::SchemaMigration Load (0.1ms)[0m  [1mSELECT "schema_migrations".* FROM "schema_migrations"[0m
  [1m[36m (0.1ms)[0m  [1mbegin transaction[0m
  [1m[35m (0.1ms)[0m  rollback transaction
  [1m[36m (0.1ms)[0m  [1mbegin transaction[0m
  [1m[35mSQL (0.4ms)[0m  INSERT INTO "posts" ("title", "description", "created_at", "updated_at") VALUES (?, ?, ?, ?)  [["title", "Testing"], ["description", "testing"], ["created_at", "2016-01-26 15:06:03.106369"], ["updated_at", "2016-01-26 15:06:03.106369"]]
  [1m[36m (0.7ms)[0m  [1mcommit transaction[0m


Started GET "/posts" for ::1 at 2017-12-14 07:40:56 +1000
  [1m[36mActiveRecord::SchemaMigration Load (0.1ms)[0m  [1mSELECT "schema_migrations".* FROM "schema_migrations"[0m
Processing by PostsController#index as HTML
  [1m[35mPost Load (0.1ms)[0m  SELECT "posts".* FROM "posts"
  Rendered posts/index.html.erb within layouts/application (5.1ms)
Completed 200 OK in 253ms (Views: 239.3ms | ActiveRecord: 0.3ms)


Started GET "/assets/authors.self-e3b0c44298fc1c149afbf4c8996fb92427ae41e4649b934ca495991b7852b855.css?body=1" for ::1 at 2017-12-14 07:40:57 +1000


Started GET "/assets/authors.self-877aef30ae1b040ab8a3aba4e3e309a11d7f2612f44dde450b5c157aa5f95c05.js?body=1" for ::1 at 2017-12-14 07:40:57 +1000


Started GET "/posts" for ::1 at 2017-12-14 07:41:00 +1000
Processing by PostsController#index as HTML
  [1m[36mPost Load (0.1ms)[0m  [1mSELECT "posts".* FROM "posts"[0m
  Rendered posts/index.html.erb within layouts/application (0.7ms)
Completed 200 OK in 19ms (Views: 17.9ms | ActiveRecord: 0.1ms)


Started GET "/posts" for ::1 at 2017-12-14 07:41:05 +1000
Processing by PostsController#index as HTML
  [1m[35mPost Load (0.1ms)[0m  SELECT "posts".* FROM "posts"
  Rendered posts/index.html.erb within layouts/application (0.5ms)
Completed 200 OK in 33ms (Views: 31.7ms | ActiveRecord: 0.1ms)


Started GET "/posts/1" for ::1 at 2017-12-14 07:41:09 +1000
Processing by PostsController#show as HTML
  Parameters: {"id"=>"1"}
  [1m[36mPost Load (0.1ms)[0m  [1mSELECT  "posts".* FROM "posts" WHERE "posts"."id" = ? LIMIT 1[0m  [["id", 1]]
  Rendered posts/show.html.erb within layouts/application (1.8ms)
Completed 200 OK in 35ms (Views: 25.7ms | ActiveRecord: 0.1ms)


Started GET "/posts/1" for ::1 at 2017-12-14 07:43:49 +1000
Processing by PostsController#show as HTML
  Parameters: {"id"=>"1"}
  [1m[35mPost Load (0.1ms)[0m  SELECT  "posts".* FROM "posts" WHERE "posts"."id" = ? LIMIT 1  [["id", 1]]
  Rendered posts/show.html.erb within layouts/application (0.5ms)
Completed 200 OK in 28ms (Views: 25.6ms | ActiveRecord: 0.1ms)


Started GET "/posts/1" for ::1 at 2017-12-14 07:43:59 +1000
Processing by PostsController#show as HTML
  Parameters: {"id"=>"1"}
  [1m[36mPost Load (0.1ms)[0m  [1mSELECT  "posts".* FROM "posts" WHERE "posts"."id" = ? LIMIT 1[0m  [["id", 1]]
  Rendered posts/show.html.erb within layouts/application (1.0ms)
Completed 200 OK in 21ms (Views: 19.9ms | ActiveRecord: 0.1ms)


Started GET "/posts/1" for ::1 at 2017-12-14 07:44:06 +1000
Processing by PostsController#show as HTML
  Parameters: {"id"=>"1"}
  [1m[35mPost Load (0.1ms)[0m  SELECT  "posts".* FROM "posts" WHERE "posts"."id" = ? LIMIT 1  [["id", 1]]
  Rendered posts/show.html.erb within layouts/application (0.5ms)
Completed 200 OK in 14ms (Views: 12.9ms | ActiveRecord: 0.1ms)


Started GET "/posts/1" for ::1 at 2017-12-14 07:44:59 +1000
Processing by PostsController#show as HTML
  Parameters: {"id"=>"1"}
  [1m[36mPost Load (0.1ms)[0m  [1mSELECT  "posts".* FROM "posts" WHERE "posts"."id" = ? LIMIT 1[0m  [["id", 1]]
  Rendered posts/show.html.erb within layouts/application (0.5ms)
Completed 200 OK in 20ms (Views: 18.5ms | ActiveRecord: 0.1ms)


Started GET "/posts/1" for ::1 at 2017-12-14 07:45:06 +1000
Processing by PostsController#show as HTML
  Parameters: {"id"=>"1"}
  [1m[35mPost Load (0.1ms)[0m  SELECT  "posts".* FROM "posts" WHERE "posts"."id" = ? LIMIT 1  [["id", 1]]
  Rendered posts/show.html.erb within layouts/application (0.6ms)
Completed 200 OK in 17ms (Views: 16.2ms | ActiveRecord: 0.1ms)


Started GET "/posts/1" for ::1 at 2017-12-14 07:45:10 +1000
Processing by PostsController#show as HTML
  Parameters: {"id"=>"1"}
  [1m[36mPost Load (0.1ms)[0m  [1mSELECT  "posts".* FROM "posts" WHERE "posts"."id" = ? LIMIT 1[0m  [["id", 1]]
  Rendered posts/show.html.erb within layouts/application (0.2ms)
Completed 200 OK in 17ms (Views: 15.9ms | ActiveRecord: 0.1ms)


Started GET "/posts/1" for ::1 at 2017-12-14 07:45:14 +1000
Processing by PostsController#show as HTML
  Parameters: {"id"=>"1"}
  [1m[35mPost Load (0.1ms)[0m  SELECT  "posts".* FROM "posts" WHERE "posts"."id" = ? LIMIT 1  [["id", 1]]
  Rendered posts/show.html.erb within layouts/application (0.5ms)
Completed 200 OK in 20ms (Views: 18.3ms | ActiveRecord: 0.1ms)


Started GET "/posts/1" for ::1 at 2017-12-14 07:45:18 +1000
Processing by PostsController#show as HTML
  Parameters: {"id"=>"1"}
  [1m[36mPost Load (0.1ms)[0m  [1mSELECT  "posts".* FROM "posts" WHERE "posts"."id" = ? LIMIT 1[0m  [["id", 1]]
  Rendered posts/show.html.erb within layouts/application (1.0ms)
Completed 200 OK in 30ms (Views: 28.2ms | ActiveRecord: 0.1ms)


Started GET "/posts/1" for ::1 at 2017-12-14 07:45:38 +1000
Processing by PostsController#show as HTML
  Parameters: {"id"=>"1"}
  [1m[35mPost Load (0.1ms)[0m  SELECT  "posts".* FROM "posts" WHERE "posts"."id" = ? LIMIT 1  [["id", 1]]
  Rendered posts/show.html.erb within layouts/application (0.6ms)
Completed 200 OK in 21ms (Views: 19.7ms | ActiveRecord: 0.1ms)


Started GET "/posts/1" for ::1 at 2017-12-14 07:45:46 +1000
Processing by PostsController#show as HTML
  Parameters: {"id"=>"1"}
  [1m[36mPost Load (0.1ms)[0m  [1mSELECT  "posts".* FROM "posts" WHERE "posts"."id" = ? LIMIT 1[0m  [["id", 1]]
  Rendered posts/show.html.erb within layouts/application (0.6ms)
Completed 200 OK in 19ms (Views: 17.4ms | ActiveRecord: 0.1ms)


Started GET "/posts/1" for ::1 at 2017-12-14 07:45:51 +1000
Processing by PostsController#show as HTML
  Parameters: {"id"=>"1"}
  [1m[35mPost Load (0.1ms)[0m  SELECT  "posts".* FROM "posts" WHERE "posts"."id" = ? LIMIT 1  [["id", 1]]
  Rendered posts/show.html.erb within layouts/application (0.5ms)
Completed 200 OK in 22ms (Views: 20.7ms | ActiveRecord: 0.1ms)


Started GET "/posts/1" for ::1 at 2017-12-14 07:45:57 +1000
Processing by PostsController#show as HTML
  Parameters: {"id"=>"1"}
  [1m[36mPost Load (0.1ms)[0m  [1mSELECT  "posts".* FROM "posts" WHERE "posts"."id" = ? LIMIT 1[0m  [["id", 1]]
  Rendered posts/show.html.erb within layouts/application (0.9ms)
Completed 200 OK in 16ms (Views: 15.0ms | ActiveRecord: 0.1ms)


Started GET "/posts/1" for ::1 at 2017-12-14 07:53:06 +1000
Processing by PostsController#show as HTML
  Parameters: {"id"=>"1"}
  [1m[35mPost Load (0.1ms)[0m  SELECT  "posts".* FROM "posts" WHERE "posts"."id" = ? LIMIT 1  [["id", 1]]
  Rendered posts/show.html.erb within layouts/application (0.5ms)
Completed 200 OK in 26ms (Views: 17.4ms | ActiveRecord: 0.6ms)


Started GET "/posts/1/edit" for ::1 at 2017-12-14 07:53:11 +1000
Processing by PostsController#edit as HTML
  Parameters: {"id"=>"1"}
  [1m[36mPost Load (0.1ms)[0m  [1mSELECT  "posts".* FROM "posts" WHERE "posts"."id" = ? LIMIT 1[0m  [["id", 1]]
  Rendered posts/edit.html.erb within layouts/application (17.3ms)
Completed 200 OK in 32ms (Views: 30.9ms | ActiveRecord: 0.1ms)


Started GET "/posts" for ::1 at 2017-12-14 07:56:16 +1000
Processing by PostsController#index as HTML
  [1m[35mPost Load (0.1ms)[0m  SELECT "posts".* FROM "posts"
  Rendered posts/index.html.erb within layouts/application (1.0ms)
Completed 200 OK in 24ms (Views: 22.7ms | ActiveRecord: 0.1ms)


Started GET "/posts1/edit" for ::1 at 2017-12-14 07:57:07 +1000

ActionController::RoutingError (No route matches [GET] "/posts1/edit"):
  actionpack (4.2.5) lib/action_dispatch/middleware/debug_exceptions.rb:21:in `call'
  web-console (2.2.1) lib/web_console/middleware.rb:39:in `call'
  actionpack (4.2.5) lib/action_dispatch/middleware/show_exceptions.rb:30:in `call'
  railties (4.2.5) lib/rails/rack/logger.rb:38:in `call_app'
  railties (4.2.5) lib/rails/rack/logger.rb:20:in `block in call'
  activesupport (4.2.5) lib/active_support/tagged_logging.rb:68:in `block in tagged'
  activesupport (4.2.5) lib/active_support/tagged_logging.rb:26:in `tagged'
  activesupport (4.2.5) lib/active_support/tagged_logging.rb:68:in `tagged'
  railties (4.2.5) lib/rails/rack/logger.rb:20:in `call'
  actionpack (4.2.5) lib/action_dispatch/middleware/request_id.rb:21:in `call'
  rack (1.6.4) lib/rack/methodoverride.rb:22:in `call'
  rack (1.6.4) lib/rack/runtime.rb:18:in `call'
  activesupport (4.2.5) lib/active_support/cache/strategy/local_cache_middleware.rb:28:in `call'
  rack (1.6.4) lib/rack/lock.rb:17:in `call'
  actionpack (4.2.5) lib/action_dispatch/middleware/static.rb:116:in `call'
  rack (1.6.4) lib/rack/sendfile.rb:113:in `call'
  railties (4.2.5) lib/rails/engine.rb:518:in `call'
  railties (4.2.5) lib/rails/application.rb:165:in `call'
  rack (1.6.4) lib/rack/lock.rb:17:in `call'
  rack (1.6.4) lib/rack/content_length.rb:15:in `call'
  rack (1.6.4) lib/rack/handler/webrick.rb:88:in `service'
  /Users/hough/.rbenv/versions/2.3.4/lib/ruby/2.3.0/webrick/httpserver.rb:140:in `service'
  /Users/hough/.rbenv/versions/2.3.4/lib/ruby/2.3.0/webrick/httpserver.rb:96:in `run'
  /Users/hough/.rbenv/versions/2.3.4/lib/ruby/2.3.0/webrick/server.rb:296:in `block in start_thread'


  Rendered /Users/hough/.rbenv/versions/2.3.4/lib/ruby/gems/2.3.0/gems/actionpack-4.2.5/lib/action_dispatch/middleware/templates/rescues/_trace.html.erb (1.7ms)
  Rendered /Users/hough/.rbenv/versions/2.3.4/lib/ruby/gems/2.3.0/gems/actionpack-4.2.5/lib/action_dispatch/middleware/templates/routes/_route.html.erb (1.1ms)
  Rendered /Users/hough/.rbenv/versions/2.3.4/lib/ruby/gems/2.3.0/gems/actionpack-4.2.5/lib/action_dispatch/middleware/templates/routes/_table.html.erb (2.7ms)
  Rendered /Users/hough/.rbenv/versions/2.3.4/lib/ruby/gems/2.3.0/gems/actionpack-4.2.5/lib/action_dispatch/middleware/templates/rescues/_request_and_response.html.erb (1.6ms)
  Rendered /Users/hough/.rbenv/versions/2.3.4/lib/ruby/gems/2.3.0/gems/actionpack-4.2.5/lib/action_dispatch/middleware/templates/rescues/routing_error.html.erb within rescues/layout (111.3ms)
  Rendered /Users/hough/.rbenv/versions/2.3.4/lib/ruby/gems/2.3.0/gems/web-console-2.2.1/lib/web_console/templates/_markup.html.erb (0.4ms)
  Rendered /Users/hough/.rbenv/versions/2.3.4/lib/ruby/gems/2.3.0/gems/web-console-2.2.1/lib/web_console/templates/_inner_console_markup.html.erb within layouts/inlined_string (0.5ms)
  Rendered /Users/hough/.rbenv/versions/2.3.4/lib/ruby/gems/2.3.0/gems/web-console-2.2.1/lib/web_console/templates/_prompt_box_markup.html.erb within layouts/inlined_string (0.6ms)
  Rendered /Users/hough/.rbenv/versions/2.3.4/lib/ruby/gems/2.3.0/gems/web-console-2.2.1/lib/web_console/templates/style.css.erb within layouts/inlined_string (0.3ms)
  Rendered /Users/hough/.rbenv/versions/2.3.4/lib/ruby/gems/2.3.0/gems/web-console-2.2.1/lib/web_console/templates/console.js.erb within layouts/javascript (76.3ms)
  Rendered /Users/hough/.rbenv/versions/2.3.4/lib/ruby/gems/2.3.0/gems/web-console-2.2.1/lib/web_console/templates/main.js.erb within layouts/javascript (0.3ms)
  Rendered /Users/hough/.rbenv/versions/2.3.4/lib/ruby/gems/2.3.0/gems/web-console-2.2.1/lib/web_console/templates/error_page.js.erb within layouts/javascript (0.4ms)
  Rendered /Users/hough/.rbenv/versions/2.3.4/lib/ruby/gems/2.3.0/gems/web-console-2.2.1/lib/web_console/templates/index.html.erb (170.1ms)


Started GET "/posts/1/edit" for ::1 at 2017-12-14 07:57:14 +1000
Processing by PostsController#edit as HTML
  Parameters: {"id"=>"1"}
  [1m[36mPost Load (0.1ms)[0m  [1mSELECT  "posts".* FROM "posts" WHERE "posts"."id" = ? LIMIT 1[0m  [["id", 1]]
  Rendered posts/edit.html.erb within layouts/application (1.7ms)
Completed 200 OK in 20ms (Views: 18.5ms | ActiveRecord: 0.1ms)


Started GET "/posts/1/edit" for ::1 at 2017-12-14 07:57:23 +1000
Processing by PostsController#edit as HTML
  Parameters: {"id"=>"1"}
  [1m[35mPost Load (0.1ms)[0m  SELECT  "posts".* FROM "posts" WHERE "posts"."id" = ? LIMIT 1  [["id", 1]]
  Rendered posts/edit.html.erb within layouts/application (1.3ms)
Completed 200 OK in 16ms (Views: 14.5ms | ActiveRecord: 0.1ms)


Started GET "/authors" for ::1 at 2017-12-14 08:03:37 +1000

ActionController::RoutingError (No route matches [GET] "/authors"):
  actionpack (4.2.5) lib/action_dispatch/middleware/debug_exceptions.rb:21:in `call'
  web-console (2.2.1) lib/web_console/middleware.rb:39:in `call'
  actionpack (4.2.5) lib/action_dispatch/middleware/show_exceptions.rb:30:in `call'
  railties (4.2.5) lib/rails/rack/logger.rb:38:in `call_app'
  railties (4.2.5) lib/rails/rack/logger.rb:20:in `block in call'
  activesupport (4.2.5) lib/active_support/tagged_logging.rb:68:in `block in tagged'
  activesupport (4.2.5) lib/active_support/tagged_logging.rb:26:in `tagged'
  activesupport (4.2.5) lib/active_support/tagged_logging.rb:68:in `tagged'
  railties (4.2.5) lib/rails/rack/logger.rb:20:in `call'
  actionpack (4.2.5) lib/action_dispatch/middleware/request_id.rb:21:in `call'
  rack (1.6.4) lib/rack/methodoverride.rb:22:in `call'
  rack (1.6.4) lib/rack/runtime.rb:18:in `call'
  activesupport (4.2.5) lib/active_support/cache/strategy/local_cache_middleware.rb:28:in `call'
  rack (1.6.4) lib/rack/lock.rb:17:in `call'
  actionpack (4.2.5) lib/action_dispatch/middleware/static.rb:116:in `call'
  rack (1.6.4) lib/rack/sendfile.rb:113:in `call'
  railties (4.2.5) lib/rails/engine.rb:518:in `call'
  railties (4.2.5) lib/rails/application.rb:165:in `call'
  rack (1.6.4) lib/rack/lock.rb:17:in `call'
  rack (1.6.4) lib/rack/content_length.rb:15:in `call'
  rack (1.6.4) lib/rack/handler/webrick.rb:88:in `service'
  /Users/hough/.rbenv/versions/2.3.4/lib/ruby/2.3.0/webrick/httpserver.rb:140:in `service'
  /Users/hough/.rbenv/versions/2.3.4/lib/ruby/2.3.0/webrick/httpserver.rb:96:in `run'
  /Users/hough/.rbenv/versions/2.3.4/lib/ruby/2.3.0/webrick/server.rb:296:in `block in start_thread'


  Rendered /Users/hough/.rbenv/versions/2.3.4/lib/ruby/gems/2.3.0/gems/actionpack-4.2.5/lib/action_dispatch/middleware/templates/rescues/_trace.html.erb (1.7ms)
  Rendered /Users/hough/.rbenv/versions/2.3.4/lib/ruby/gems/2.3.0/gems/actionpack-4.2.5/lib/action_dispatch/middleware/templates/routes/_route.html.erb (0.9ms)
  Rendered /Users/hough/.rbenv/versions/2.3.4/lib/ruby/gems/2.3.0/gems/actionpack-4.2.5/lib/action_dispatch/middleware/templates/routes/_table.html.erb (1.0ms)
  Rendered /Users/hough/.rbenv/versions/2.3.4/lib/ruby/gems/2.3.0/gems/actionpack-4.2.5/lib/action_dispatch/middleware/templates/rescues/_request_and_response.html.erb (1.9ms)
  Rendered /Users/hough/.rbenv/versions/2.3.4/lib/ruby/gems/2.3.0/gems/actionpack-4.2.5/lib/action_dispatch/middleware/templates/rescues/routing_error.html.erb within rescues/layout (89.4ms)
  Rendered /Users/hough/.rbenv/versions/2.3.4/lib/ruby/gems/2.3.0/gems/web-console-2.2.1/lib/web_console/templates/_markup.html.erb (0.5ms)
  Rendered /Users/hough/.rbenv/versions/2.3.4/lib/ruby/gems/2.3.0/gems/web-console-2.2.1/lib/web_console/templates/_inner_console_markup.html.erb within layouts/inlined_string (0.4ms)
  Rendered /Users/hough/.rbenv/versions/2.3.4/lib/ruby/gems/2.3.0/gems/web-console-2.2.1/lib/web_console/templates/_prompt_box_markup.html.erb within layouts/inlined_string (0.3ms)
  Rendered /Users/hough/.rbenv/versions/2.3.4/lib/ruby/gems/2.3.0/gems/web-console-2.2.1/lib/web_console/templates/style.css.erb within layouts/inlined_string (0.3ms)
  Rendered /Users/hough/.rbenv/versions/2.3.4/lib/ruby/gems/2.3.0/gems/web-console-2.2.1/lib/web_console/templates/console.js.erb within layouts/javascript (68.8ms)
  Rendered /Users/hough/.rbenv/versions/2.3.4/lib/ruby/gems/2.3.0/gems/web-console-2.2.1/lib/web_console/templates/main.js.erb within layouts/javascript (0.3ms)
  Rendered /Users/hough/.rbenv/versions/2.3.4/lib/ruby/gems/2.3.0/gems/web-console-2.2.1/lib/web_console/templates/error_page.js.erb within layouts/javascript (0.3ms)
  Rendered /Users/hough/.rbenv/versions/2.3.4/lib/ruby/gems/2.3.0/gems/web-console-2.2.1/lib/web_console/templates/index.html.erb (141.2ms)


Started GET "/authors/1/edit" for ::1 at 2017-12-14 08:03:41 +1000

ActionController::RoutingError (No route matches [GET] "/authors/1/edit"):
  actionpack (4.2.5) lib/action_dispatch/middleware/debug_exceptions.rb:21:in `call'
  web-console (2.2.1) lib/web_console/middleware.rb:39:in `call'
  actionpack (4.2.5) lib/action_dispatch/middleware/show_exceptions.rb:30:in `call'
  railties (4.2.5) lib/rails/rack/logger.rb:38:in `call_app'
  railties (4.2.5) lib/rails/rack/logger.rb:20:in `block in call'
  activesupport (4.2.5) lib/active_support/tagged_logging.rb:68:in `block in tagged'
  activesupport (4.2.5) lib/active_support/tagged_logging.rb:26:in `tagged'
  activesupport (4.2.5) lib/active_support/tagged_logging.rb:68:in `tagged'
  railties (4.2.5) lib/rails/rack/logger.rb:20:in `call'
  actionpack (4.2.5) lib/action_dispatch/middleware/request_id.rb:21:in `call'
  rack (1.6.4) lib/rack/methodoverride.rb:22:in `call'
  rack (1.6.4) lib/rack/runtime.rb:18:in `call'
  activesupport (4.2.5) lib/active_support/cache/strategy/local_cache_middleware.rb:28:in `call'
  rack (1.6.4) lib/rack/lock.rb:17:in `call'
  actionpack (4.2.5) lib/action_dispatch/middleware/static.rb:116:in `call'
  rack (1.6.4) lib/rack/sendfile.rb:113:in `call'
  railties (4.2.5) lib/rails/engine.rb:518:in `call'
  railties (4.2.5) lib/rails/application.rb:165:in `call'
  rack (1.6.4) lib/rack/lock.rb:17:in `call'
  rack (1.6.4) lib/rack/content_length.rb:15:in `call'
  rack (1.6.4) lib/rack/handler/webrick.rb:88:in `service'
  /Users/hough/.rbenv/versions/2.3.4/lib/ruby/2.3.0/webrick/httpserver.rb:140:in `service'
  /Users/hough/.rbenv/versions/2.3.4/lib/ruby/2.3.0/webrick/httpserver.rb:96:in `run'
  /Users/hough/.rbenv/versions/2.3.4/lib/ruby/2.3.0/webrick/server.rb:296:in `block in start_thread'


  Rendered /Users/hough/.rbenv/versions/2.3.4/lib/ruby/gems/2.3.0/gems/actionpack-4.2.5/lib/action_dispatch/middleware/templates/rescues/_trace.html.erb (2.7ms)
  Rendered /Users/hough/.rbenv/versions/2.3.4/lib/ruby/gems/2.3.0/gems/actionpack-4.2.5/lib/action_dispatch/middleware/templates/routes/_route.html.erb (0.8ms)
  Rendered /Users/hough/.rbenv/versions/2.3.4/lib/ruby/gems/2.3.0/gems/actionpack-4.2.5/lib/action_dispatch/middleware/templates/routes/_table.html.erb (0.9ms)
  Rendered /Users/hough/.rbenv/versions/2.3.4/lib/ruby/gems/2.3.0/gems/actionpack-4.2.5/lib/action_dispatch/middleware/templates/rescues/_request_and_response.html.erb (1.2ms)
  Rendered /Users/hough/.rbenv/versions/2.3.4/lib/ruby/gems/2.3.0/gems/actionpack-4.2.5/lib/action_dispatch/middleware/templates/rescues/routing_error.html.erb within rescues/layout (93.3ms)
  Rendered /Users/hough/.rbenv/versions/2.3.4/lib/ruby/gems/2.3.0/gems/web-console-2.2.1/lib/web_console/templates/_markup.html.erb (0.3ms)
  Rendered /Users/hough/.rbenv/versions/2.3.4/lib/ruby/gems/2.3.0/gems/web-console-2.2.1/lib/web_console/templates/_inner_console_markup.html.erb within layouts/inlined_string (0.3ms)
  Rendered /Users/hough/.rbenv/versions/2.3.4/lib/ruby/gems/2.3.0/gems/web-console-2.2.1/lib/web_console/templates/_prompt_box_markup.html.erb within layouts/inlined_string (0.3ms)
  Rendered /Users/hough/.rbenv/versions/2.3.4/lib/ruby/gems/2.3.0/gems/web-console-2.2.1/lib/web_console/templates/style.css.erb within layouts/inlined_string (0.2ms)
  Rendered /Users/hough/.rbenv/versions/2.3.4/lib/ruby/gems/2.3.0/gems/web-console-2.2.1/lib/web_console/templates/console.js.erb within layouts/javascript (56.1ms)
  Rendered /Users/hough/.rbenv/versions/2.3.4/lib/ruby/gems/2.3.0/gems/web-console-2.2.1/lib/web_console/templates/main.js.erb within layouts/javascript (0.2ms)
  Rendered /Users/hough/.rbenv/versions/2.3.4/lib/ruby/gems/2.3.0/gems/web-console-2.2.1/lib/web_console/templates/error_page.js.erb within layouts/javascript (0.5ms)
  Rendered /Users/hough/.rbenv/versions/2.3.4/lib/ruby/gems/2.3.0/gems/web-console-2.2.1/lib/web_console/templates/index.html.erb (129.3ms)


Started GET "/authors/1" for ::1 at 2017-12-14 08:03:44 +1000

ActionController::RoutingError (No route matches [GET] "/authors/1"):
  actionpack (4.2.5) lib/action_dispatch/middleware/debug_exceptions.rb:21:in `call'
  web-console (2.2.1) lib/web_console/middleware.rb:39:in `call'
  actionpack (4.2.5) lib/action_dispatch/middleware/show_exceptions.rb:30:in `call'
  railties (4.2.5) lib/rails/rack/logger.rb:38:in `call_app'
  railties (4.2.5) lib/rails/rack/logger.rb:20:in `block in call'
  activesupport (4.2.5) lib/active_support/tagged_logging.rb:68:in `block in tagged'
  activesupport (4.2.5) lib/active_support/tagged_logging.rb:26:in `tagged'
  activesupport (4.2.5) lib/active_support/tagged_logging.rb:68:in `tagged'
  railties (4.2.5) lib/rails/rack/logger.rb:20:in `call'
  actionpack (4.2.5) lib/action_dispatch/middleware/request_id.rb:21:in `call'
  rack (1.6.4) lib/rack/methodoverride.rb:22:in `call'
  rack (1.6.4) lib/rack/runtime.rb:18:in `call'
  activesupport (4.2.5) lib/active_support/cache/strategy/local_cache_middleware.rb:28:in `call'
  rack (1.6.4) lib/rack/lock.rb:17:in `call'
  actionpack (4.2.5) lib/action_dispatch/middleware/static.rb:116:in `call'
  rack (1.6.4) lib/rack/sendfile.rb:113:in `call'
  railties (4.2.5) lib/rails/engine.rb:518:in `call'
  railties (4.2.5) lib/rails/application.rb:165:in `call'
  rack (1.6.4) lib/rack/lock.rb:17:in `call'
  rack (1.6.4) lib/rack/content_length.rb:15:in `call'
  rack (1.6.4) lib/rack/handler/webrick.rb:88:in `service'
  /Users/hough/.rbenv/versions/2.3.4/lib/ruby/2.3.0/webrick/httpserver.rb:140:in `service'
  /Users/hough/.rbenv/versions/2.3.4/lib/ruby/2.3.0/webrick/httpserver.rb:96:in `run'
  /Users/hough/.rbenv/versions/2.3.4/lib/ruby/2.3.0/webrick/server.rb:296:in `block in start_thread'


  Rendered /Users/hough/.rbenv/versions/2.3.4/lib/ruby/gems/2.3.0/gems/actionpack-4.2.5/lib/action_dispatch/middleware/templates/rescues/_trace.html.erb (2.5ms)
  Rendered /Users/hough/.rbenv/versions/2.3.4/lib/ruby/gems/2.3.0/gems/actionpack-4.2.5/lib/action_dispatch/middleware/templates/routes/_route.html.erb (1.1ms)
  Rendered /Users/hough/.rbenv/versions/2.3.4/lib/ruby/gems/2.3.0/gems/actionpack-4.2.5/lib/action_dispatch/middleware/templates/routes/_table.html.erb (0.9ms)
  Rendered /Users/hough/.rbenv/versions/2.3.4/lib/ruby/gems/2.3.0/gems/actionpack-4.2.5/lib/action_dispatch/middleware/templates/rescues/_request_and_response.html.erb (1.5ms)
  Rendered /Users/hough/.rbenv/versions/2.3.4/lib/ruby/gems/2.3.0/gems/actionpack-4.2.5/lib/action_dispatch/middleware/templates/rescues/routing_error.html.erb within rescues/layout (91.1ms)
  Rendered /Users/hough/.rbenv/versions/2.3.4/lib/ruby/gems/2.3.0/gems/web-console-2.2.1/lib/web_console/templates/_markup.html.erb (0.4ms)
  Rendered /Users/hough/.rbenv/versions/2.3.4/lib/ruby/gems/2.3.0/gems/web-console-2.2.1/lib/web_console/templates/_inner_console_markup.html.erb within layouts/inlined_string (0.3ms)
  Rendered /Users/hough/.rbenv/versions/2.3.4/lib/ruby/gems/2.3.0/gems/web-console-2.2.1/lib/web_console/templates/_prompt_box_markup.html.erb within layouts/inlined_string (0.3ms)
  Rendered /Users/hough/.rbenv/versions/2.3.4/lib/ruby/gems/2.3.0/gems/web-console-2.2.1/lib/web_console/templates/style.css.erb within layouts/inlined_string (0.3ms)
  Rendered /Users/hough/.rbenv/versions/2.3.4/lib/ruby/gems/2.3.0/gems/web-console-2.2.1/lib/web_console/templates/console.js.erb within layouts/javascript (60.2ms)
  Rendered /Users/hough/.rbenv/versions/2.3.4/lib/ruby/gems/2.3.0/gems/web-console-2.2.1/lib/web_console/templates/main.js.erb within layouts/javascript (0.3ms)
  Rendered /Users/hough/.rbenv/versions/2.3.4/lib/ruby/gems/2.3.0/gems/web-console-2.2.1/lib/web_console/templates/error_page.js.erb within layouts/javascript (0.6ms)
  Rendered /Users/hough/.rbenv/versions/2.3.4/lib/ruby/gems/2.3.0/gems/web-console-2.2.1/lib/web_console/templates/index.html.erb (139.1ms)


Started GET "/authors/show" for ::1 at 2017-12-14 08:04:37 +1000
Processing by AuthorsController#show as HTML
  [1m[36mAuthor Load (0.2ms)[0m  [1mSELECT  "authors".* FROM "authors" WHERE "authors"."id" = ? LIMIT 1[0m  [["id", nil]]
Completed 404 Not Found in 10ms (ActiveRecord: 0.7ms)

ActiveRecord::RecordNotFound (Couldn't find Author with 'id'=):
  app/controllers/authors_controller.rb:3:in `show'


  Rendered /Users/hough/.rbenv/versions/2.3.4/lib/ruby/gems/2.3.0/gems/actionpack-4.2.5/lib/action_dispatch/middleware/templates/rescues/_source.erb (3.6ms)
  Rendered /Users/hough/.rbenv/versions/2.3.4/lib/ruby/gems/2.3.0/gems/actionpack-4.2.5/lib/action_dispatch/middleware/templates/rescues/_trace.html.erb (2.6ms)
  Rendered /Users/hough/.rbenv/versions/2.3.4/lib/ruby/gems/2.3.0/gems/actionpack-4.2.5/lib/action_dispatch/middleware/templates/rescues/_request_and_response.html.erb (0.7ms)
  Rendered /Users/hough/.rbenv/versions/2.3.4/lib/ruby/gems/2.3.0/gems/actionpack-4.2.5/lib/action_dispatch/middleware/templates/rescues/diagnostics.html.erb within rescues/layout (69.6ms)
  Rendered /Users/hough/.rbenv/versions/2.3.4/lib/ruby/gems/2.3.0/gems/web-console-2.2.1/lib/web_console/templates/_markup.html.erb (0.3ms)
  Rendered /Users/hough/.rbenv/versions/2.3.4/lib/ruby/gems/2.3.0/gems/web-console-2.2.1/lib/web_console/templates/_inner_console_markup.html.erb within layouts/inlined_string (0.3ms)
  Rendered /Users/hough/.rbenv/versions/2.3.4/lib/ruby/gems/2.3.0/gems/web-console-2.2.1/lib/web_console/templates/_prompt_box_markup.html.erb within layouts/inlined_string (0.3ms)
  Rendered /Users/hough/.rbenv/versions/2.3.4/lib/ruby/gems/2.3.0/gems/web-console-2.2.1/lib/web_console/templates/style.css.erb within layouts/inlined_string (0.3ms)
  Rendered /Users/hough/.rbenv/versions/2.3.4/lib/ruby/gems/2.3.0/gems/web-console-2.2.1/lib/web_console/templates/console.js.erb within layouts/javascript (59.3ms)
  Rendered /Users/hough/.rbenv/versions/2.3.4/lib/ruby/gems/2.3.0/gems/web-console-2.2.1/lib/web_console/templates/main.js.erb within layouts/javascript (0.2ms)
  Rendered /Users/hough/.rbenv/versions/2.3.4/lib/ruby/gems/2.3.0/gems/web-console-2.2.1/lib/web_console/templates/error_page.js.erb within layouts/javascript (0.3ms)
  Rendered /Users/hough/.rbenv/versions/2.3.4/lib/ruby/gems/2.3.0/gems/web-console-2.2.1/lib/web_console/templates/index.html.erb (131.2ms)


Started GET "/authors/1" for ::1 at 2017-12-14 08:05:16 +1000

ArgumentError (Missing :controller key on routes definition, please check your routes.):
  config/routes.rb:4:in `block in <top (required)>'
  config/routes.rb:1:in `<top (required)>'


  Rendered /Users/hough/.rbenv/versions/2.3.4/lib/ruby/gems/2.3.0/gems/actionpack-4.2.5/lib/action_dispatch/middleware/templates/rescues/_source.erb (4.0ms)
  Rendered /Users/hough/.rbenv/versions/2.3.4/lib/ruby/gems/2.3.0/gems/actionpack-4.2.5/lib/action_dispatch/middleware/templates/rescues/_trace.html.erb (1.8ms)
  Rendered /Users/hough/.rbenv/versions/2.3.4/lib/ruby/gems/2.3.0/gems/actionpack-4.2.5/lib/action_dispatch/middleware/templates/rescues/_request_and_response.html.erb (1.1ms)
  Rendered /Users/hough/.rbenv/versions/2.3.4/lib/ruby/gems/2.3.0/gems/actionpack-4.2.5/lib/action_dispatch/middleware/templates/rescues/diagnostics.html.erb within rescues/layout (73.4ms)
  Rendered /Users/hough/.rbenv/versions/2.3.4/lib/ruby/gems/2.3.0/gems/web-console-2.2.1/lib/web_console/templates/_markup.html.erb (0.3ms)
  Rendered /Users/hough/.rbenv/versions/2.3.4/lib/ruby/gems/2.3.0/gems/web-console-2.2.1/lib/web_console/templates/_inner_console_markup.html.erb within layouts/inlined_string (0.3ms)
  Rendered /Users/hough/.rbenv/versions/2.3.4/lib/ruby/gems/2.3.0/gems/web-console-2.2.1/lib/web_console/templates/_prompt_box_markup.html.erb within layouts/inlined_string (0.2ms)
  Rendered /Users/hough/.rbenv/versions/2.3.4/lib/ruby/gems/2.3.0/gems/web-console-2.2.1/lib/web_console/templates/style.css.erb within layouts/inlined_string (0.2ms)
  Rendered /Users/hough/.rbenv/versions/2.3.4/lib/ruby/gems/2.3.0/gems/web-console-2.2.1/lib/web_console/templates/console.js.erb within layouts/javascript (59.7ms)
  Rendered /Users/hough/.rbenv/versions/2.3.4/lib/ruby/gems/2.3.0/gems/web-console-2.2.1/lib/web_console/templates/main.js.erb within layouts/javascript (0.3ms)
  Rendered /Users/hough/.rbenv/versions/2.3.4/lib/ruby/gems/2.3.0/gems/web-console-2.2.1/lib/web_console/templates/error_page.js.erb within layouts/javascript (0.3ms)
  Rendered /Users/hough/.rbenv/versions/2.3.4/lib/ruby/gems/2.3.0/gems/web-console-2.2.1/lib/web_console/templates/index.html.erb (135.9ms)


Started GET "/test/index" for ::1 at 2017-12-14 08:05:34 +1000

ArgumentError (Missing :controller key on routes definition, please check your routes.):
  config/routes.rb:4:in `block in <top (required)>'
  config/routes.rb:1:in `<top (required)>'


  Rendered /Users/hough/.rbenv/versions/2.3.4/lib/ruby/gems/2.3.0/gems/actionpack-4.2.5/lib/action_dispatch/middleware/templates/rescues/_source.erb (3.4ms)
  Rendered /Users/hough/.rbenv/versions/2.3.4/lib/ruby/gems/2.3.0/gems/actionpack-4.2.5/lib/action_dispatch/middleware/templates/rescues/_trace.html.erb (1.4ms)
  Rendered /Users/hough/.rbenv/versions/2.3.4/lib/ruby/gems/2.3.0/gems/actionpack-4.2.5/lib/action_dispatch/middleware/templates/rescues/_request_and_response.html.erb (0.7ms)
  Rendered /Users/hough/.rbenv/versions/2.3.4/lib/ruby/gems/2.3.0/gems/actionpack-4.2.5/lib/action_dispatch/middleware/templates/rescues/diagnostics.html.erb within rescues/layout (70.2ms)
  Rendered /Users/hough/.rbenv/versions/2.3.4/lib/ruby/gems/2.3.0/gems/web-console-2.2.1/lib/web_console/templates/_markup.html.erb (0.3ms)
  Rendered /Users/hough/.rbenv/versions/2.3.4/lib/ruby/gems/2.3.0/gems/web-console-2.2.1/lib/web_console/templates/_inner_console_markup.html.erb within layouts/inlined_string (0.3ms)
  Rendered /Users/hough/.rbenv/versions/2.3.4/lib/ruby/gems/2.3.0/gems/web-console-2.2.1/lib/web_console/templates/_prompt_box_markup.html.erb within layouts/inlined_string (0.4ms)
  Rendered /Users/hough/.rbenv/versions/2.3.4/lib/ruby/gems/2.3.0/gems/web-console-2.2.1/lib/web_console/templates/style.css.erb within layouts/inlined_string (0.4ms)
  Rendered /Users/hough/.rbenv/versions/2.3.4/lib/ruby/gems/2.3.0/gems/web-console-2.2.1/lib/web_console/templates/console.js.erb within layouts/javascript (63.4ms)
  Rendered /Users/hough/.rbenv/versions/2.3.4/lib/ruby/gems/2.3.0/gems/web-console-2.2.1/lib/web_console/templates/main.js.erb within layouts/javascript (0.3ms)
  Rendered /Users/hough/.rbenv/versions/2.3.4/lib/ruby/gems/2.3.0/gems/web-console-2.2.1/lib/web_console/templates/error_page.js.erb within layouts/javascript (0.4ms)
  Rendered /Users/hough/.rbenv/versions/2.3.4/lib/ruby/gems/2.3.0/gems/web-console-2.2.1/lib/web_console/templates/index.html.erb (141.4ms)


Started GET "/test/index" for ::1 at 2017-12-14 08:06:21 +1000

ActionController::RoutingError (uninitialized constant TestController):
  activesupport (4.2.5) lib/active_support/inflector/methods.rb:261:in `const_get'
  activesupport (4.2.5) lib/active_support/inflector/methods.rb:261:in `block in constantize'
  activesupport (4.2.5) lib/active_support/inflector/methods.rb:259:in `each'
  activesupport (4.2.5) lib/active_support/inflector/methods.rb:259:in `inject'
  activesupport (4.2.5) lib/active_support/inflector/methods.rb:259:in `constantize'
  actionpack (4.2.5) lib/action_dispatch/routing/route_set.rb:72:in `controller_reference'
  actionpack (4.2.5) lib/action_dispatch/routing/route_set.rb:62:in `controller'
  actionpack (4.2.5) lib/action_dispatch/routing/route_set.rb:41:in `serve'
  actionpack (4.2.5) lib/action_dispatch/journey/router.rb:43:in `block in serve'
  actionpack (4.2.5) lib/action_dispatch/journey/router.rb:30:in `each'
  actionpack (4.2.5) lib/action_dispatch/journey/router.rb:30:in `serve'
  actionpack (4.2.5) lib/action_dispatch/routing/route_set.rb:817:in `call'
  rack (1.6.4) lib/rack/etag.rb:24:in `call'
  rack (1.6.4) lib/rack/conditionalget.rb:25:in `call'
  rack (1.6.4) lib/rack/head.rb:13:in `call'
  actionpack (4.2.5) lib/action_dispatch/middleware/params_parser.rb:27:in `call'
  actionpack (4.2.5) lib/action_dispatch/middleware/flash.rb:260:in `call'
  rack (1.6.4) lib/rack/session/abstract/id.rb:225:in `context'
  rack (1.6.4) lib/rack/session/abstract/id.rb:220:in `call'
  actionpack (4.2.5) lib/action_dispatch/middleware/cookies.rb:560:in `call'
  activerecord (4.2.5) lib/active_record/query_cache.rb:36:in `call'
  activerecord (4.2.5) lib/active_record/connection_adapters/abstract/connection_pool.rb:653:in `call'
  activerecord (4.2.5) lib/active_record/migration.rb:377:in `call'
  actionpack (4.2.5) lib/action_dispatch/middleware/callbacks.rb:29:in `block in call'
  activesupport (4.2.5) lib/active_support/callbacks.rb:88:in `__run_callbacks__'
  activesupport (4.2.5) lib/active_support/callbacks.rb:778:in `_run_call_callbacks'
  activesupport (4.2.5) lib/active_support/callbacks.rb:81:in `run_callbacks'
  actionpack (4.2.5) lib/action_dispatch/middleware/callbacks.rb:27:in `call'
  actionpack (4.2.5) lib/action_dispatch/middleware/reloader.rb:73:in `call'
  actionpack (4.2.5) lib/action_dispatch/middleware/remote_ip.rb:78:in `call'
  actionpack (4.2.5) lib/action_dispatch/middleware/debug_exceptions.rb:17:in `call'
  web-console (2.2.1) lib/web_console/middleware.rb:39:in `call'
  actionpack (4.2.5) lib/action_dispatch/middleware/show_exceptions.rb:30:in `call'
  railties (4.2.5) lib/rails/rack/logger.rb:38:in `call_app'
  railties (4.2.5) lib/rails/rack/logger.rb:20:in `block in call'
  activesupport (4.2.5) lib/active_support/tagged_logging.rb:68:in `block in tagged'
  activesupport (4.2.5) lib/active_support/tagged_logging.rb:26:in `tagged'
  activesupport (4.2.5) lib/active_support/tagged_logging.rb:68:in `tagged'
  railties (4.2.5) lib/rails/rack/logger.rb:20:in `call'
  actionpack (4.2.5) lib/action_dispatch/middleware/request_id.rb:21:in `call'
  rack (1.6.4) lib/rack/methodoverride.rb:22:in `call'
  rack (1.6.4) lib/rack/runtime.rb:18:in `call'
  activesupport (4.2.5) lib/active_support/cache/strategy/local_cache_middleware.rb:28:in `call'
  rack (1.6.4) lib/rack/lock.rb:17:in `call'
  actionpack (4.2.5) lib/action_dispatch/middleware/static.rb:116:in `call'
  rack (1.6.4) lib/rack/sendfile.rb:113:in `call'
  railties (4.2.5) lib/rails/engine.rb:518:in `call'
  railties (4.2.5) lib/rails/application.rb:165:in `call'
  rack (1.6.4) lib/rack/lock.rb:17:in `call'
  rack (1.6.4) lib/rack/content_length.rb:15:in `call'
  rack (1.6.4) lib/rack/handler/webrick.rb:88:in `service'
  /Users/hough/.rbenv/versions/2.3.4/lib/ruby/2.3.0/webrick/httpserver.rb:140:in `service'
  /Users/hough/.rbenv/versions/2.3.4/lib/ruby/2.3.0/webrick/httpserver.rb:96:in `run'
  /Users/hough/.rbenv/versions/2.3.4/lib/ruby/2.3.0/webrick/server.rb:296:in `block in start_thread'


  Rendered /Users/hough/.rbenv/versions/2.3.4/lib/ruby/gems/2.3.0/gems/actionpack-4.2.5/lib/action_dispatch/middleware/templates/rescues/_trace.html.erb (1.3ms)
  Rendered /Users/hough/.rbenv/versions/2.3.4/lib/ruby/gems/2.3.0/gems/actionpack-4.2.5/lib/action_dispatch/middleware/templates/routes/_route.html.erb (1.1ms)
  Rendered /Users/hough/.rbenv/versions/2.3.4/lib/ruby/gems/2.3.0/gems/actionpack-4.2.5/lib/action_dispatch/middleware/templates/routes/_table.html.erb (1.2ms)
  Rendered /Users/hough/.rbenv/versions/2.3.4/lib/ruby/gems/2.3.0/gems/actionpack-4.2.5/lib/action_dispatch/middleware/templates/rescues/_request_and_response.html.erb (1.1ms)
  Rendered /Users/hough/.rbenv/versions/2.3.4/lib/ruby/gems/2.3.0/gems/actionpack-4.2.5/lib/action_dispatch/middleware/templates/rescues/routing_error.html.erb within rescues/layout (96.9ms)
  Rendered /Users/hough/.rbenv/versions/2.3.4/lib/ruby/gems/2.3.0/gems/web-console-2.2.1/lib/web_console/templates/_markup.html.erb (0.4ms)
  Rendered /Users/hough/.rbenv/versions/2.3.4/lib/ruby/gems/2.3.0/gems/web-console-2.2.1/lib/web_console/templates/_inner_console_markup.html.erb within layouts/inlined_string (0.2ms)
  Rendered /Users/hough/.rbenv/versions/2.3.4/lib/ruby/gems/2.3.0/gems/web-console-2.2.1/lib/web_console/templates/_prompt_box_markup.html.erb within layouts/inlined_string (0.3ms)
  Rendered /Users/hough/.rbenv/versions/2.3.4/lib/ruby/gems/2.3.0/gems/web-console-2.2.1/lib/web_console/templates/style.css.erb within layouts/inlined_string (0.3ms)
  Rendered /Users/hough/.rbenv/versions/2.3.4/lib/ruby/gems/2.3.0/gems/web-console-2.2.1/lib/web_console/templates/console.js.erb within layouts/javascript (64.0ms)
  Rendered /Users/hough/.rbenv/versions/2.3.4/lib/ruby/gems/2.3.0/gems/web-console-2.2.1/lib/web_console/templates/main.js.erb within layouts/javascript (0.3ms)
  Rendered /Users/hough/.rbenv/versions/2.3.4/lib/ruby/gems/2.3.0/gems/web-console-2.2.1/lib/web_console/templates/error_page.js.erb within layouts/javascript (0.3ms)
  Rendered /Users/hough/.rbenv/versions/2.3.4/lib/ruby/gems/2.3.0/gems/web-console-2.2.1/lib/web_console/templates/index.html.erb (135.7ms)


Started GET "/authors/1/edit" for ::1 at 2017-12-14 08:06:32 +1000

ActionController::RoutingError (No route matches [GET] "/authors/1/edit"):
  actionpack (4.2.5) lib/action_dispatch/middleware/debug_exceptions.rb:21:in `call'
  web-console (2.2.1) lib/web_console/middleware.rb:39:in `call'
  actionpack (4.2.5) lib/action_dispatch/middleware/show_exceptions.rb:30:in `call'
  railties (4.2.5) lib/rails/rack/logger.rb:38:in `call_app'
  railties (4.2.5) lib/rails/rack/logger.rb:20:in `block in call'
  activesupport (4.2.5) lib/active_support/tagged_logging.rb:68:in `block in tagged'
  activesupport (4.2.5) lib/active_support/tagged_logging.rb:26:in `tagged'
  activesupport (4.2.5) lib/active_support/tagged_logging.rb:68:in `tagged'
  railties (4.2.5) lib/rails/rack/logger.rb:20:in `call'
  actionpack (4.2.5) lib/action_dispatch/middleware/request_id.rb:21:in `call'
  rack (1.6.4) lib/rack/methodoverride.rb:22:in `call'
  rack (1.6.4) lib/rack/runtime.rb:18:in `call'
  activesupport (4.2.5) lib/active_support/cache/strategy/local_cache_middleware.rb:28:in `call'
  rack (1.6.4) lib/rack/lock.rb:17:in `call'
  actionpack (4.2.5) lib/action_dispatch/middleware/static.rb:116:in `call'
  rack (1.6.4) lib/rack/sendfile.rb:113:in `call'
  railties (4.2.5) lib/rails/engine.rb:518:in `call'
  railties (4.2.5) lib/rails/application.rb:165:in `call'
  rack (1.6.4) lib/rack/lock.rb:17:in `call'
  rack (1.6.4) lib/rack/content_length.rb:15:in `call'
  rack (1.6.4) lib/rack/handler/webrick.rb:88:in `service'
  /Users/hough/.rbenv/versions/2.3.4/lib/ruby/2.3.0/webrick/httpserver.rb:140:in `service'
  /Users/hough/.rbenv/versions/2.3.4/lib/ruby/2.3.0/webrick/httpserver.rb:96:in `run'
  /Users/hough/.rbenv/versions/2.3.4/lib/ruby/2.3.0/webrick/server.rb:296:in `block in start_thread'


  Rendered /Users/hough/.rbenv/versions/2.3.4/lib/ruby/gems/2.3.0/gems/actionpack-4.2.5/lib/action_dispatch/middleware/templates/rescues/_trace.html.erb (2.0ms)
  Rendered /Users/hough/.rbenv/versions/2.3.4/lib/ruby/gems/2.3.0/gems/actionpack-4.2.5/lib/action_dispatch/middleware/templates/routes/_route.html.erb (2.6ms)
  Rendered /Users/hough/.rbenv/versions/2.3.4/lib/ruby/gems/2.3.0/gems/actionpack-4.2.5/lib/action_dispatch/middleware/templates/routes/_table.html.erb (1.3ms)
  Rendered /Users/hough/.rbenv/versions/2.3.4/lib/ruby/gems/2.3.0/gems/actionpack-4.2.5/lib/action_dispatch/middleware/templates/rescues/_request_and_response.html.erb (1.0ms)
  Rendered /Users/hough/.rbenv/versions/2.3.4/lib/ruby/gems/2.3.0/gems/actionpack-4.2.5/lib/action_dispatch/middleware/templates/rescues/routing_error.html.erb within rescues/layout (105.0ms)
  Rendered /Users/hough/.rbenv/versions/2.3.4/lib/ruby/gems/2.3.0/gems/web-console-2.2.1/lib/web_console/templates/_markup.html.erb (0.3ms)
  Rendered /Users/hough/.rbenv/versions/2.3.4/lib/ruby/gems/2.3.0/gems/web-console-2.2.1/lib/web_console/templates/_inner_console_markup.html.erb within layouts/inlined_string (0.3ms)
  Rendered /Users/hough/.rbenv/versions/2.3.4/lib/ruby/gems/2.3.0/gems/web-console-2.2.1/lib/web_console/templates/_prompt_box_markup.html.erb within layouts/inlined_string (0.3ms)
  Rendered /Users/hough/.rbenv/versions/2.3.4/lib/ruby/gems/2.3.0/gems/web-console-2.2.1/lib/web_console/templates/style.css.erb within layouts/inlined_string (0.3ms)
  Rendered /Users/hough/.rbenv/versions/2.3.4/lib/ruby/gems/2.3.0/gems/web-console-2.2.1/lib/web_console/templates/console.js.erb within layouts/javascript (63.1ms)
  Rendered /Users/hough/.rbenv/versions/2.3.4/lib/ruby/gems/2.3.0/gems/web-console-2.2.1/lib/web_console/templates/main.js.erb within layouts/javascript (0.3ms)
  Rendered /Users/hough/.rbenv/versions/2.3.4/lib/ruby/gems/2.3.0/gems/web-console-2.2.1/lib/web_console/templates/error_page.js.erb within layouts/javascript (0.4ms)
  Rendered /Users/hough/.rbenv/versions/2.3.4/lib/ruby/gems/2.3.0/gems/web-console-2.2.1/lib/web_console/templates/index.html.erb (134.1ms)


Started GET "/authors/1" for ::1 at 2017-12-14 08:06:35 +1000
Processing by AuthorsController#show as HTML
  Parameters: {"id"=>"1"}
  [1m[35mAuthor Load (0.1ms)[0m  SELECT  "authors".* FROM "authors" WHERE "authors"."id" = ? LIMIT 1  [["id", 1]]
Completed 404 Not Found in 4ms (ActiveRecord: 0.4ms)

ActiveRecord::RecordNotFound (Couldn't find Author with 'id'=1):
  app/controllers/authors_controller.rb:3:in `show'


  Rendered /Users/hough/.rbenv/versions/2.3.4/lib/ruby/gems/2.3.0/gems/actionpack-4.2.5/lib/action_dispatch/middleware/templates/rescues/_source.erb (2.8ms)
  Rendered /Users/hough/.rbenv/versions/2.3.4/lib/ruby/gems/2.3.0/gems/actionpack-4.2.5/lib/action_dispatch/middleware/templates/rescues/_trace.html.erb (1.5ms)
  Rendered /Users/hough/.rbenv/versions/2.3.4/lib/ruby/gems/2.3.0/gems/actionpack-4.2.5/lib/action_dispatch/middleware/templates/rescues/_request_and_response.html.erb (0.8ms)
  Rendered /Users/hough/.rbenv/versions/2.3.4/lib/ruby/gems/2.3.0/gems/actionpack-4.2.5/lib/action_dispatch/middleware/templates/rescues/diagnostics.html.erb within rescues/layout (63.9ms)
  Rendered /Users/hough/.rbenv/versions/2.3.4/lib/ruby/gems/2.3.0/gems/web-console-2.2.1/lib/web_console/templates/_markup.html.erb (0.3ms)
  Rendered /Users/hough/.rbenv/versions/2.3.4/lib/ruby/gems/2.3.0/gems/web-console-2.2.1/lib/web_console/templates/_inner_console_markup.html.erb within layouts/inlined_string (0.2ms)
  Rendered /Users/hough/.rbenv/versions/2.3.4/lib/ruby/gems/2.3.0/gems/web-console-2.2.1/lib/web_console/templates/_prompt_box_markup.html.erb within layouts/inlined_string (0.2ms)
  Rendered /Users/hough/.rbenv/versions/2.3.4/lib/ruby/gems/2.3.0/gems/web-console-2.2.1/lib/web_console/templates/style.css.erb within layouts/inlined_string (0.4ms)
  Rendered /Users/hough/.rbenv/versions/2.3.4/lib/ruby/gems/2.3.0/gems/web-console-2.2.1/lib/web_console/templates/console.js.erb within layouts/javascript (59.4ms)
  Rendered /Users/hough/.rbenv/versions/2.3.4/lib/ruby/gems/2.3.0/gems/web-console-2.2.1/lib/web_console/templates/main.js.erb within layouts/javascript (0.2ms)
  Rendered /Users/hough/.rbenv/versions/2.3.4/lib/ruby/gems/2.3.0/gems/web-console-2.2.1/lib/web_console/templates/error_page.js.erb within layouts/javascript (0.4ms)
  Rendered /Users/hough/.rbenv/versions/2.3.4/lib/ruby/gems/2.3.0/gems/web-console-2.2.1/lib/web_console/templates/index.html.erb (131.1ms)


Started GET "/authors/show" for ::1 at 2017-12-14 08:07:02 +1000
Processing by AuthorsController#show as HTML
  Parameters: {"id"=>"show"}
  [1m[36mAuthor Load (0.1ms)[0m  [1mSELECT  "authors".* FROM "authors" WHERE "authors"."id" = ? LIMIT 1[0m  [["id", 0]]
Completed 404 Not Found in 1ms (ActiveRecord: 0.1ms)

ActiveRecord::RecordNotFound (Couldn't find Author with 'id'=show):
  app/controllers/authors_controller.rb:3:in `show'


  Rendered /Users/hough/.rbenv/versions/2.3.4/lib/ruby/gems/2.3.0/gems/actionpack-4.2.5/lib/action_dispatch/middleware/templates/rescues/_source.erb (2.8ms)
  Rendered /Users/hough/.rbenv/versions/2.3.4/lib/ruby/gems/2.3.0/gems/actionpack-4.2.5/lib/action_dispatch/middleware/templates/rescues/_trace.html.erb (1.4ms)
  Rendered /Users/hough/.rbenv/versions/2.3.4/lib/ruby/gems/2.3.0/gems/actionpack-4.2.5/lib/action_dispatch/middleware/templates/rescues/_request_and_response.html.erb (0.9ms)
  Rendered /Users/hough/.rbenv/versions/2.3.4/lib/ruby/gems/2.3.0/gems/actionpack-4.2.5/lib/action_dispatch/middleware/templates/rescues/diagnostics.html.erb within rescues/layout (65.2ms)
  Rendered /Users/hough/.rbenv/versions/2.3.4/lib/ruby/gems/2.3.0/gems/web-console-2.2.1/lib/web_console/templates/_markup.html.erb (0.3ms)
  Rendered /Users/hough/.rbenv/versions/2.3.4/lib/ruby/gems/2.3.0/gems/web-console-2.2.1/lib/web_console/templates/_inner_console_markup.html.erb within layouts/inlined_string (0.4ms)
  Rendered /Users/hough/.rbenv/versions/2.3.4/lib/ruby/gems/2.3.0/gems/web-console-2.2.1/lib/web_console/templates/_prompt_box_markup.html.erb within layouts/inlined_string (0.3ms)
  Rendered /Users/hough/.rbenv/versions/2.3.4/lib/ruby/gems/2.3.0/gems/web-console-2.2.1/lib/web_console/templates/style.css.erb within layouts/inlined_string (0.3ms)
  Rendered /Users/hough/.rbenv/versions/2.3.4/lib/ruby/gems/2.3.0/gems/web-console-2.2.1/lib/web_console/templates/console.js.erb within layouts/javascript (60.2ms)
  Rendered /Users/hough/.rbenv/versions/2.3.4/lib/ruby/gems/2.3.0/gems/web-console-2.2.1/lib/web_console/templates/main.js.erb within layouts/javascript (0.3ms)
  Rendered /Users/hough/.rbenv/versions/2.3.4/lib/ruby/gems/2.3.0/gems/web-console-2.2.1/lib/web_console/templates/error_page.js.erb within layouts/javascript (0.4ms)
  Rendered /Users/hough/.rbenv/versions/2.3.4/lib/ruby/gems/2.3.0/gems/web-console-2.2.1/lib/web_console/templates/index.html.erb (134.1ms)


Started GET "/authors/show" for ::1 at 2017-12-14 08:07:22 +1000

ArgumentError (Missing :controller key on routes definition, please check your routes.):
  config/routes.rb:4:in `block in <top (required)>'
  config/routes.rb:1:in `<top (required)>'


  Rendered /Users/hough/.rbenv/versions/2.3.4/lib/ruby/gems/2.3.0/gems/actionpack-4.2.5/lib/action_dispatch/middleware/templates/rescues/_source.erb (4.6ms)
  Rendered /Users/hough/.rbenv/versions/2.3.4/lib/ruby/gems/2.3.0/gems/actionpack-4.2.5/lib/action_dispatch/middleware/templates/rescues/_trace.html.erb (2.5ms)
  Rendered /Users/hough/.rbenv/versions/2.3.4/lib/ruby/gems/2.3.0/gems/actionpack-4.2.5/lib/action_dispatch/middleware/templates/rescues/_request_and_response.html.erb (1.2ms)
  Rendered /Users/hough/.rbenv/versions/2.3.4/lib/ruby/gems/2.3.0/gems/actionpack-4.2.5/lib/action_dispatch/middleware/templates/rescues/diagnostics.html.erb within rescues/layout (85.5ms)
  Rendered /Users/hough/.rbenv/versions/2.3.4/lib/ruby/gems/2.3.0/gems/web-console-2.2.1/lib/web_console/templates/_markup.html.erb (0.3ms)
  Rendered /Users/hough/.rbenv/versions/2.3.4/lib/ruby/gems/2.3.0/gems/web-console-2.2.1/lib/web_console/templates/_inner_console_markup.html.erb within layouts/inlined_string (0.3ms)
  Rendered /Users/hough/.rbenv/versions/2.3.4/lib/ruby/gems/2.3.0/gems/web-console-2.2.1/lib/web_console/templates/_prompt_box_markup.html.erb within layouts/inlined_string (0.3ms)
  Rendered /Users/hough/.rbenv/versions/2.3.4/lib/ruby/gems/2.3.0/gems/web-console-2.2.1/lib/web_console/templates/style.css.erb within layouts/inlined_string (0.3ms)
  Rendered /Users/hough/.rbenv/versions/2.3.4/lib/ruby/gems/2.3.0/gems/web-console-2.2.1/lib/web_console/templates/console.js.erb within layouts/javascript (60.1ms)
  Rendered /Users/hough/.rbenv/versions/2.3.4/lib/ruby/gems/2.3.0/gems/web-console-2.2.1/lib/web_console/templates/main.js.erb within layouts/javascript (0.3ms)
  Rendered /Users/hough/.rbenv/versions/2.3.4/lib/ruby/gems/2.3.0/gems/web-console-2.2.1/lib/web_console/templates/error_page.js.erb within layouts/javascript (0.3ms)
  Rendered /Users/hough/.rbenv/versions/2.3.4/lib/ruby/gems/2.3.0/gems/web-console-2.2.1/lib/web_console/templates/index.html.erb (138.5ms)


Started GET "/authors/show" for ::1 at 2017-12-14 08:08:15 +1000
Processing by AuthorsController#show as HTML
  [1m[35mAuthor Load (0.1ms)[0m  SELECT  "authors".* FROM "authors" WHERE "authors"."id" = ? LIMIT 1  [["id", nil]]
Completed 404 Not Found in 5ms (ActiveRecord: 0.5ms)

ActiveRecord::RecordNotFound (Couldn't find Author with 'id'=):
  app/controllers/authors_controller.rb:3:in `show'


  Rendered /Users/hough/.rbenv/versions/2.3.4/lib/ruby/gems/2.3.0/gems/actionpack-4.2.5/lib/action_dispatch/middleware/templates/rescues/_source.erb (4.0ms)
  Rendered /Users/hough/.rbenv/versions/2.3.4/lib/ruby/gems/2.3.0/gems/actionpack-4.2.5/lib/action_dispatch/middleware/templates/rescues/_trace.html.erb (1.7ms)
  Rendered /Users/hough/.rbenv/versions/2.3.4/lib/ruby/gems/2.3.0/gems/actionpack-4.2.5/lib/action_dispatch/middleware/templates/rescues/_request_and_response.html.erb (0.8ms)
  Rendered /Users/hough/.rbenv/versions/2.3.4/lib/ruby/gems/2.3.0/gems/actionpack-4.2.5/lib/action_dispatch/middleware/templates/rescues/diagnostics.html.erb within rescues/layout (75.7ms)
  Rendered /Users/hough/.rbenv/versions/2.3.4/lib/ruby/gems/2.3.0/gems/web-console-2.2.1/lib/web_console/templates/_markup.html.erb (0.5ms)
  Rendered /Users/hough/.rbenv/versions/2.3.4/lib/ruby/gems/2.3.0/gems/web-console-2.2.1/lib/web_console/templates/_inner_console_markup.html.erb within layouts/inlined_string (0.3ms)
  Rendered /Users/hough/.rbenv/versions/2.3.4/lib/ruby/gems/2.3.0/gems/web-console-2.2.1/lib/web_console/templates/_prompt_box_markup.html.erb within layouts/inlined_string (0.5ms)
  Rendered /Users/hough/.rbenv/versions/2.3.4/lib/ruby/gems/2.3.0/gems/web-console-2.2.1/lib/web_console/templates/style.css.erb within layouts/inlined_string (0.4ms)
  Rendered /Users/hough/.rbenv/versions/2.3.4/lib/ruby/gems/2.3.0/gems/web-console-2.2.1/lib/web_console/templates/console.js.erb within layouts/javascript (67.9ms)
  Rendered /Users/hough/.rbenv/versions/2.3.4/lib/ruby/gems/2.3.0/gems/web-console-2.2.1/lib/web_console/templates/main.js.erb within layouts/javascript (0.3ms)
  Rendered /Users/hough/.rbenv/versions/2.3.4/lib/ruby/gems/2.3.0/gems/web-console-2.2.1/lib/web_console/templates/error_page.js.erb within layouts/javascript (1.1ms)
  Rendered /Users/hough/.rbenv/versions/2.3.4/lib/ruby/gems/2.3.0/gems/web-console-2.2.1/lib/web_console/templates/index.html.erb (148.2ms)


Started GET "/authors/1/edit" for ::1 at 2017-12-14 08:08:22 +1000

ActionController::RoutingError (No route matches [GET] "/authors/1/edit"):
  actionpack (4.2.5) lib/action_dispatch/middleware/debug_exceptions.rb:21:in `call'
  web-console (2.2.1) lib/web_console/middleware.rb:39:in `call'
  actionpack (4.2.5) lib/action_dispatch/middleware/show_exceptions.rb:30:in `call'
  railties (4.2.5) lib/rails/rack/logger.rb:38:in `call_app'
  railties (4.2.5) lib/rails/rack/logger.rb:20:in `block in call'
  activesupport (4.2.5) lib/active_support/tagged_logging.rb:68:in `block in tagged'
  activesupport (4.2.5) lib/active_support/tagged_logging.rb:26:in `tagged'
  activesupport (4.2.5) lib/active_support/tagged_logging.rb:68:in `tagged'
  railties (4.2.5) lib/rails/rack/logger.rb:20:in `call'
  actionpack (4.2.5) lib/action_dispatch/middleware/request_id.rb:21:in `call'
  rack (1.6.4) lib/rack/methodoverride.rb:22:in `call'
  rack (1.6.4) lib/rack/runtime.rb:18:in `call'
  activesupport (4.2.5) lib/active_support/cache/strategy/local_cache_middleware.rb:28:in `call'
  rack (1.6.4) lib/rack/lock.rb:17:in `call'
  actionpack (4.2.5) lib/action_dispatch/middleware/static.rb:116:in `call'
  rack (1.6.4) lib/rack/sendfile.rb:113:in `call'
  railties (4.2.5) lib/rails/engine.rb:518:in `call'
  railties (4.2.5) lib/rails/application.rb:165:in `call'
  rack (1.6.4) lib/rack/lock.rb:17:in `call'
  rack (1.6.4) lib/rack/content_length.rb:15:in `call'
  rack (1.6.4) lib/rack/handler/webrick.rb:88:in `service'
  /Users/hough/.rbenv/versions/2.3.4/lib/ruby/2.3.0/webrick/httpserver.rb:140:in `service'
  /Users/hough/.rbenv/versions/2.3.4/lib/ruby/2.3.0/webrick/httpserver.rb:96:in `run'
  /Users/hough/.rbenv/versions/2.3.4/lib/ruby/2.3.0/webrick/server.rb:296:in `block in start_thread'


  Rendered /Users/hough/.rbenv/versions/2.3.4/lib/ruby/gems/2.3.0/gems/actionpack-4.2.5/lib/action_dispatch/middleware/templates/rescues/_trace.html.erb (1.9ms)
  Rendered /Users/hough/.rbenv/versions/2.3.4/lib/ruby/gems/2.3.0/gems/actionpack-4.2.5/lib/action_dispatch/middleware/templates/routes/_route.html.erb (2.0ms)
  Rendered /Users/hough/.rbenv/versions/2.3.4/lib/ruby/gems/2.3.0/gems/actionpack-4.2.5/lib/action_dispatch/middleware/templates/routes/_table.html.erb (1.1ms)
  Rendered /Users/hough/.rbenv/versions/2.3.4/lib/ruby/gems/2.3.0/gems/actionpack-4.2.5/lib/action_dispatch/middleware/templates/rescues/_request_and_response.html.erb (1.5ms)
  Rendered /Users/hough/.rbenv/versions/2.3.4/lib/ruby/gems/2.3.0/gems/actionpack-4.2.5/lib/action_dispatch/middleware/templates/rescues/routing_error.html.erb within rescues/layout (101.7ms)
  Rendered /Users/hough/.rbenv/versions/2.3.4/lib/ruby/gems/2.3.0/gems/web-console-2.2.1/lib/web_console/templates/_markup.html.erb (0.4ms)
  Rendered /Users/hough/.rbenv/versions/2.3.4/lib/ruby/gems/2.3.0/gems/web-console-2.2.1/lib/web_console/templates/_inner_console_markup.html.erb within layouts/inlined_string (0.4ms)
  Rendered /Users/hough/.rbenv/versions/2.3.4/lib/ruby/gems/2.3.0/gems/web-console-2.2.1/lib/web_console/templates/_prompt_box_markup.html.erb within layouts/inlined_string (0.3ms)
  Rendered /Users/hough/.rbenv/versions/2.3.4/lib/ruby/gems/2.3.0/gems/web-console-2.2.1/lib/web_console/templates/style.css.erb within layouts/inlined_string (0.3ms)
  Rendered /Users/hough/.rbenv/versions/2.3.4/lib/ruby/gems/2.3.0/gems/web-console-2.2.1/lib/web_console/templates/console.js.erb within layouts/javascript (60.8ms)
  Rendered /Users/hough/.rbenv/versions/2.3.4/lib/ruby/gems/2.3.0/gems/web-console-2.2.1/lib/web_console/templates/main.js.erb within layouts/javascript (0.2ms)
  Rendered /Users/hough/.rbenv/versions/2.3.4/lib/ruby/gems/2.3.0/gems/web-console-2.2.1/lib/web_console/templates/error_page.js.erb within layouts/javascript (0.4ms)
  Rendered /Users/hough/.rbenv/versions/2.3.4/lib/ruby/gems/2.3.0/gems/web-console-2.2.1/lib/web_console/templates/index.html.erb (133.6ms)


Started GET "/authors/1" for ::1 at 2017-12-14 08:08:24 +1000
Processing by AuthorsController#show as HTML
  Parameters: {"id"=>"1"}
  [1m[36mAuthor Load (0.1ms)[0m  [1mSELECT  "authors".* FROM "authors" WHERE "authors"."id" = ? LIMIT 1[0m  [["id", 1]]
Completed 404 Not Found in 2ms (ActiveRecord: 0.1ms)

ActiveRecord::RecordNotFound (Couldn't find Author with 'id'=1):
  app/controllers/authors_controller.rb:3:in `show'


  Rendered /Users/hough/.rbenv/versions/2.3.4/lib/ruby/gems/2.3.0/gems/actionpack-4.2.5/lib/action_dispatch/middleware/templates/rescues/_source.erb (3.6ms)
  Rendered /Users/hough/.rbenv/versions/2.3.4/lib/ruby/gems/2.3.0/gems/actionpack-4.2.5/lib/action_dispatch/middleware/templates/rescues/_trace.html.erb (2.1ms)
  Rendered /Users/hough/.rbenv/versions/2.3.4/lib/ruby/gems/2.3.0/gems/actionpack-4.2.5/lib/action_dispatch/middleware/templates/rescues/_request_and_response.html.erb (0.7ms)
  Rendered /Users/hough/.rbenv/versions/2.3.4/lib/ruby/gems/2.3.0/gems/actionpack-4.2.5/lib/action_dispatch/middleware/templates/rescues/diagnostics.html.erb within rescues/layout (70.2ms)
  Rendered /Users/hough/.rbenv/versions/2.3.4/lib/ruby/gems/2.3.0/gems/web-console-2.2.1/lib/web_console/templates/_markup.html.erb (0.4ms)
  Rendered /Users/hough/.rbenv/versions/2.3.4/lib/ruby/gems/2.3.0/gems/web-console-2.2.1/lib/web_console/templates/_inner_console_markup.html.erb within layouts/inlined_string (0.3ms)
  Rendered /Users/hough/.rbenv/versions/2.3.4/lib/ruby/gems/2.3.0/gems/web-console-2.2.1/lib/web_console/templates/_prompt_box_markup.html.erb within layouts/inlined_string (0.4ms)
  Rendered /Users/hough/.rbenv/versions/2.3.4/lib/ruby/gems/2.3.0/gems/web-console-2.2.1/lib/web_console/templates/style.css.erb within layouts/inlined_string (0.3ms)
  Rendered /Users/hough/.rbenv/versions/2.3.4/lib/ruby/gems/2.3.0/gems/web-console-2.2.1/lib/web_console/templates/console.js.erb within layouts/javascript (62.6ms)
  Rendered /Users/hough/.rbenv/versions/2.3.4/lib/ruby/gems/2.3.0/gems/web-console-2.2.1/lib/web_console/templates/main.js.erb within layouts/javascript (0.3ms)
  Rendered /Users/hough/.rbenv/versions/2.3.4/lib/ruby/gems/2.3.0/gems/web-console-2.2.1/lib/web_console/templates/error_page.js.erb within layouts/javascript (0.4ms)
  Rendered /Users/hough/.rbenv/versions/2.3.4/lib/ruby/gems/2.3.0/gems/web-console-2.2.1/lib/web_console/templates/index.html.erb (136.1ms)


Started GET "/authors/show" for ::1 at 2017-12-14 08:08:29 +1000
Processing by AuthorsController#show as HTML
  [1m[35mAuthor Load (0.2ms)[0m  SELECT  "authors".* FROM "authors" WHERE "authors"."id" = ? LIMIT 1  [["id", nil]]
Completed 404 Not Found in 1ms (ActiveRecord: 0.2ms)

ActiveRecord::RecordNotFound (Couldn't find Author with 'id'=):
  app/controllers/authors_controller.rb:3:in `show'


  Rendered /Users/hough/.rbenv/versions/2.3.4/lib/ruby/gems/2.3.0/gems/actionpack-4.2.5/lib/action_dispatch/middleware/templates/rescues/_source.erb (5.9ms)
  Rendered /Users/hough/.rbenv/versions/2.3.4/lib/ruby/gems/2.3.0/gems/actionpack-4.2.5/lib/action_dispatch/middleware/templates/rescues/_trace.html.erb (4.3ms)
  Rendered /Users/hough/.rbenv/versions/2.3.4/lib/ruby/gems/2.3.0/gems/actionpack-4.2.5/lib/action_dispatch/middleware/templates/rescues/_request_and_response.html.erb (0.8ms)
  Rendered /Users/hough/.rbenv/versions/2.3.4/lib/ruby/gems/2.3.0/gems/actionpack-4.2.5/lib/action_dispatch/middleware/templates/rescues/diagnostics.html.erb within rescues/layout (75.4ms)
  Rendered /Users/hough/.rbenv/versions/2.3.4/lib/ruby/gems/2.3.0/gems/web-console-2.2.1/lib/web_console/templates/_markup.html.erb (0.4ms)
  Rendered /Users/hough/.rbenv/versions/2.3.4/lib/ruby/gems/2.3.0/gems/web-console-2.2.1/lib/web_console/templates/_inner_console_markup.html.erb within layouts/inlined_string (0.3ms)
  Rendered /Users/hough/.rbenv/versions/2.3.4/lib/ruby/gems/2.3.0/gems/web-console-2.2.1/lib/web_console/templates/_prompt_box_markup.html.erb within layouts/inlined_string (0.3ms)
  Rendered /Users/hough/.rbenv/versions/2.3.4/lib/ruby/gems/2.3.0/gems/web-console-2.2.1/lib/web_console/templates/style.css.erb within layouts/inlined_string (0.3ms)
  Rendered /Users/hough/.rbenv/versions/2.3.4/lib/ruby/gems/2.3.0/gems/web-console-2.2.1/lib/web_console/templates/console.js.erb within layouts/javascript (59.0ms)
  Rendered /Users/hough/.rbenv/versions/2.3.4/lib/ruby/gems/2.3.0/gems/web-console-2.2.1/lib/web_console/templates/main.js.erb within layouts/javascript (0.2ms)
  Rendered /Users/hough/.rbenv/versions/2.3.4/lib/ruby/gems/2.3.0/gems/web-console-2.2.1/lib/web_console/templates/error_page.js.erb within layouts/javascript (0.4ms)
  Rendered /Users/hough/.rbenv/versions/2.3.4/lib/ruby/gems/2.3.0/gems/web-console-2.2.1/lib/web_console/templates/index.html.erb (140.0ms)


Started GET "/authors/show" for ::1 at 2017-12-14 08:16:29 +1000
Processing by AuthorsController#show as HTML
  [1m[36mAuthor Load (0.1ms)[0m  [1mSELECT  "authors".* FROM "authors" WHERE "authors"."id" = ? LIMIT 1[0m  [["id", nil]]
Completed 404 Not Found in 4ms (ActiveRecord: 0.4ms)

ActiveRecord::RecordNotFound (Couldn't find Author with 'id'=):
  app/controllers/authors_controller.rb:3:in `show'


  Rendered /Users/hough/.rbenv/versions/2.3.4/lib/ruby/gems/2.3.0/gems/actionpack-4.2.5/lib/action_dispatch/middleware/templates/rescues/_source.erb (4.5ms)
  Rendered /Users/hough/.rbenv/versions/2.3.4/lib/ruby/gems/2.3.0/gems/actionpack-4.2.5/lib/action_dispatch/middleware/templates/rescues/_trace.html.erb (3.2ms)
  Rendered /Users/hough/.rbenv/versions/2.3.4/lib/ruby/gems/2.3.0/gems/actionpack-4.2.5/lib/action_dispatch/middleware/templates/rescues/_request_and_response.html.erb (0.7ms)
  Rendered /Users/hough/.rbenv/versions/2.3.4/lib/ruby/gems/2.3.0/gems/actionpack-4.2.5/lib/action_dispatch/middleware/templates/rescues/diagnostics.html.erb within rescues/layout (73.3ms)
  Rendered /Users/hough/.rbenv/versions/2.3.4/lib/ruby/gems/2.3.0/gems/web-console-2.2.1/lib/web_console/templates/_markup.html.erb (0.4ms)
  Rendered /Users/hough/.rbenv/versions/2.3.4/lib/ruby/gems/2.3.0/gems/web-console-2.2.1/lib/web_console/templates/_inner_console_markup.html.erb within layouts/inlined_string (0.4ms)
  Rendered /Users/hough/.rbenv/versions/2.3.4/lib/ruby/gems/2.3.0/gems/web-console-2.2.1/lib/web_console/templates/_prompt_box_markup.html.erb within layouts/inlined_string (0.2ms)
  Rendered /Users/hough/.rbenv/versions/2.3.4/lib/ruby/gems/2.3.0/gems/web-console-2.2.1/lib/web_console/templates/style.css.erb within layouts/inlined_string (0.2ms)
  Rendered /Users/hough/.rbenv/versions/2.3.4/lib/ruby/gems/2.3.0/gems/web-console-2.2.1/lib/web_console/templates/console.js.erb within layouts/javascript (60.1ms)
  Rendered /Users/hough/.rbenv/versions/2.3.4/lib/ruby/gems/2.3.0/gems/web-console-2.2.1/lib/web_console/templates/main.js.erb within layouts/javascript (0.4ms)
  Rendered /Users/hough/.rbenv/versions/2.3.4/lib/ruby/gems/2.3.0/gems/web-console-2.2.1/lib/web_console/templates/error_page.js.erb within layouts/javascript (0.4ms)
  Rendered /Users/hough/.rbenv/versions/2.3.4/lib/ruby/gems/2.3.0/gems/web-console-2.2.1/lib/web_console/templates/index.html.erb (133.6ms)


Started GET "/authors/show" for ::1 at 2017-12-14 08:17:56 +1000
Processing by AuthorsController#show as HTML
  [1m[35mAuthor Load (0.3ms)[0m  SELECT  "authors".* FROM "authors" LIMIT 1
  Rendered authors/show.html.erb within layouts/application (3.0ms)
Completed 500 Internal Server Error in 14ms (ActiveRecord: 0.3ms)

ActionView::Template::Error (undefined method `name' for nil:NilClass):
    1: <h1><%= title @author.name %></h1>
    2: <p>Posts:</p>
    3: <% @author.posts.each do |post| %>
    4:   <div><%= post.title %> - <%= last_updated(post) %></div>
  app/views/authors/show.html.erb:1:in `_app_views_authors_show_html_erb___3681937637334756019_70364927810740'


  Rendered /Users/hough/.rbenv/versions/2.3.4/lib/ruby/gems/2.3.0/gems/actionpack-4.2.5/lib/action_dispatch/middleware/templates/rescues/_source.erb (5.9ms)
  Rendered /Users/hough/.rbenv/versions/2.3.4/lib/ruby/gems/2.3.0/gems/actionpack-4.2.5/lib/action_dispatch/middleware/templates/rescues/_trace.html.erb (2.0ms)
  Rendered /Users/hough/.rbenv/versions/2.3.4/lib/ruby/gems/2.3.0/gems/actionpack-4.2.5/lib/action_dispatch/middleware/templates/rescues/_request_and_response.html.erb (0.9ms)
  Rendered /Users/hough/.rbenv/versions/2.3.4/lib/ruby/gems/2.3.0/gems/actionpack-4.2.5/lib/action_dispatch/middleware/templates/rescues/template_error.html.erb within rescues/layout (76.1ms)
  Rendered /Users/hough/.rbenv/versions/2.3.4/lib/ruby/gems/2.3.0/gems/web-console-2.2.1/lib/web_console/templates/_markup.html.erb (0.3ms)
  Rendered /Users/hough/.rbenv/versions/2.3.4/lib/ruby/gems/2.3.0/gems/web-console-2.2.1/lib/web_console/templates/_inner_console_markup.html.erb within layouts/inlined_string (0.3ms)
  Rendered /Users/hough/.rbenv/versions/2.3.4/lib/ruby/gems/2.3.0/gems/web-console-2.2.1/lib/web_console/templates/_prompt_box_markup.html.erb within layouts/inlined_string (0.2ms)
  Rendered /Users/hough/.rbenv/versions/2.3.4/lib/ruby/gems/2.3.0/gems/web-console-2.2.1/lib/web_console/templates/style.css.erb within layouts/inlined_string (0.3ms)
  Rendered /Users/hough/.rbenv/versions/2.3.4/lib/ruby/gems/2.3.0/gems/web-console-2.2.1/lib/web_console/templates/console.js.erb within layouts/javascript (60.0ms)
  Rendered /Users/hough/.rbenv/versions/2.3.4/lib/ruby/gems/2.3.0/gems/web-console-2.2.1/lib/web_console/templates/main.js.erb within layouts/javascript (0.3ms)
  Rendered /Users/hough/.rbenv/versions/2.3.4/lib/ruby/gems/2.3.0/gems/web-console-2.2.1/lib/web_console/templates/error_page.js.erb within layouts/javascript (0.4ms)
  Rendered /Users/hough/.rbenv/versions/2.3.4/lib/ruby/gems/2.3.0/gems/web-console-2.2.1/lib/web_console/templates/index.html.erb (132.9ms)


Started GET "/authors/show" for ::1 at 2017-12-14 08:19:10 +1000

SyntaxError (/Users/hough/Development/code/refactoring-views-with-helpers-reading-cb-000/app/controllers/authors_controller.rb:5: syntax error, unexpected end-of-input, expecting keyword_end):
  app/controllers/authors_controller.rb:5: syntax error, unexpected end-of-input, expecting keyword_end


  Rendered /Users/hough/.rbenv/versions/2.3.4/lib/ruby/gems/2.3.0/gems/actionpack-4.2.5/lib/action_dispatch/middleware/templates/rescues/_source.erb (7.8ms)
  Rendered /Users/hough/.rbenv/versions/2.3.4/lib/ruby/gems/2.3.0/gems/actionpack-4.2.5/lib/action_dispatch/middleware/templates/rescues/_trace.html.erb (1.4ms)
  Rendered /Users/hough/.rbenv/versions/2.3.4/lib/ruby/gems/2.3.0/gems/actionpack-4.2.5/lib/action_dispatch/middleware/templates/rescues/_request_and_response.html.erb (1.2ms)
  Rendered /Users/hough/.rbenv/versions/2.3.4/lib/ruby/gems/2.3.0/gems/actionpack-4.2.5/lib/action_dispatch/middleware/templates/rescues/diagnostics.html.erb within rescues/layout (80.4ms)
  Rendered /Users/hough/.rbenv/versions/2.3.4/lib/ruby/gems/2.3.0/gems/web-console-2.2.1/lib/web_console/templates/_markup.html.erb (0.4ms)
  Rendered /Users/hough/.rbenv/versions/2.3.4/lib/ruby/gems/2.3.0/gems/web-console-2.2.1/lib/web_console/templates/_inner_console_markup.html.erb within layouts/inlined_string (0.3ms)
  Rendered /Users/hough/.rbenv/versions/2.3.4/lib/ruby/gems/2.3.0/gems/web-console-2.2.1/lib/web_console/templates/_prompt_box_markup.html.erb within layouts/inlined_string (0.2ms)
  Rendered /Users/hough/.rbenv/versions/2.3.4/lib/ruby/gems/2.3.0/gems/web-console-2.2.1/lib/web_console/templates/style.css.erb within layouts/inlined_string (0.2ms)
  Rendered /Users/hough/.rbenv/versions/2.3.4/lib/ruby/gems/2.3.0/gems/web-console-2.2.1/lib/web_console/templates/console.js.erb within layouts/javascript (58.9ms)
  Rendered /Users/hough/.rbenv/versions/2.3.4/lib/ruby/gems/2.3.0/gems/web-console-2.2.1/lib/web_console/templates/main.js.erb within layouts/javascript (0.2ms)
  Rendered /Users/hough/.rbenv/versions/2.3.4/lib/ruby/gems/2.3.0/gems/web-console-2.2.1/lib/web_console/templates/error_page.js.erb within layouts/javascript (0.3ms)
  Rendered /Users/hough/.rbenv/versions/2.3.4/lib/ruby/gems/2.3.0/gems/web-console-2.2.1/lib/web_console/templates/index.html.erb (128.8ms)


Started GET "/authors/show" for ::1 at 2017-12-14 08:19:58 +1000
Processing by AuthorsController#show as HTML
  [1m[36mAuthor Load (0.1ms)[0m  [1mSELECT  "authors".* FROM "authors" WHERE "authors"."id" = ? LIMIT 1[0m  [["id", nil]]
Completed 404 Not Found in 5ms (ActiveRecord: 0.5ms)

ActiveRecord::RecordNotFound (Couldn't find Author with 'id'=):
  app/controllers/authors_controller.rb:3:in `show'


  Rendered /Users/hough/.rbenv/versions/2.3.4/lib/ruby/gems/2.3.0/gems/actionpack-4.2.5/lib/action_dispatch/middleware/templates/rescues/_source.erb (3.4ms)
  Rendered /Users/hough/.rbenv/versions/2.3.4/lib/ruby/gems/2.3.0/gems/actionpack-4.2.5/lib/action_dispatch/middleware/templates/rescues/_trace.html.erb (1.4ms)
  Rendered /Users/hough/.rbenv/versions/2.3.4/lib/ruby/gems/2.3.0/gems/actionpack-4.2.5/lib/action_dispatch/middleware/templates/rescues/_request_and_response.html.erb (0.9ms)
  Rendered /Users/hough/.rbenv/versions/2.3.4/lib/ruby/gems/2.3.0/gems/actionpack-4.2.5/lib/action_dispatch/middleware/templates/rescues/diagnostics.html.erb within rescues/layout (71.8ms)
  Rendered /Users/hough/.rbenv/versions/2.3.4/lib/ruby/gems/2.3.0/gems/web-console-2.2.1/lib/web_console/templates/_markup.html.erb (0.3ms)
  Rendered /Users/hough/.rbenv/versions/2.3.4/lib/ruby/gems/2.3.0/gems/web-console-2.2.1/lib/web_console/templates/_inner_console_markup.html.erb within layouts/inlined_string (0.4ms)
  Rendered /Users/hough/.rbenv/versions/2.3.4/lib/ruby/gems/2.3.0/gems/web-console-2.2.1/lib/web_console/templates/_prompt_box_markup.html.erb within layouts/inlined_string (0.3ms)
  Rendered /Users/hough/.rbenv/versions/2.3.4/lib/ruby/gems/2.3.0/gems/web-console-2.2.1/lib/web_console/templates/style.css.erb within layouts/inlined_string (0.2ms)
  Rendered /Users/hough/.rbenv/versions/2.3.4/lib/ruby/gems/2.3.0/gems/web-console-2.2.1/lib/web_console/templates/console.js.erb within layouts/javascript (62.5ms)
  Rendered /Users/hough/.rbenv/versions/2.3.4/lib/ruby/gems/2.3.0/gems/web-console-2.2.1/lib/web_console/templates/main.js.erb within layouts/javascript (0.2ms)
  Rendered /Users/hough/.rbenv/versions/2.3.4/lib/ruby/gems/2.3.0/gems/web-console-2.2.1/lib/web_console/templates/error_page.js.erb within layouts/javascript (0.4ms)
  Rendered /Users/hough/.rbenv/versions/2.3.4/lib/ruby/gems/2.3.0/gems/web-console-2.2.1/lib/web_console/templates/index.html.erb (138.2ms)


Started GET "/authors/show" for ::1 at 2017-12-14 08:20:06 +1000
Processing by AuthorsController#show as HTML
  [1m[35mAuthor Load (0.2ms)[0m  SELECT  "authors".* FROM "authors" LIMIT 1
  Rendered authors/show.html.erb within layouts/application (2.5ms)
Completed 500 Internal Server Error in 15ms (ActiveRecord: 0.4ms)

ActionView::Template::Error (undefined method `posts' for nil:NilClass):
    1: <h1><%= title @author.name unless !@author %></h1>
    2: <p>Posts:</p>
    3: <% @author.posts.each do |post| %>
    4:   <div><%= post.title %> - <%= last_updated(post) %></div>
    5: <% end %>
  app/views/authors/show.html.erb:3:in `_app_views_authors_show_html_erb___3681937637334756019_70364912332440'


  Rendered /Users/hough/.rbenv/versions/2.3.4/lib/ruby/gems/2.3.0/gems/actionpack-4.2.5/lib/action_dispatch/middleware/templates/rescues/_source.erb (6.3ms)
  Rendered /Users/hough/.rbenv/versions/2.3.4/lib/ruby/gems/2.3.0/gems/actionpack-4.2.5/lib/action_dispatch/middleware/templates/rescues/_trace.html.erb (2.1ms)
  Rendered /Users/hough/.rbenv/versions/2.3.4/lib/ruby/gems/2.3.0/gems/actionpack-4.2.5/lib/action_dispatch/middleware/templates/rescues/_request_and_response.html.erb (0.7ms)
  Rendered /Users/hough/.rbenv/versions/2.3.4/lib/ruby/gems/2.3.0/gems/actionpack-4.2.5/lib/action_dispatch/middleware/templates/rescues/template_error.html.erb within rescues/layout (78.8ms)
  Rendered /Users/hough/.rbenv/versions/2.3.4/lib/ruby/gems/2.3.0/gems/web-console-2.2.1/lib/web_console/templates/_markup.html.erb (1.5ms)
  Rendered /Users/hough/.rbenv/versions/2.3.4/lib/ruby/gems/2.3.0/gems/web-console-2.2.1/lib/web_console/templates/_inner_console_markup.html.erb within layouts/inlined_string (0.4ms)
  Rendered /Users/hough/.rbenv/versions/2.3.4/lib/ruby/gems/2.3.0/gems/web-console-2.2.1/lib/web_console/templates/_prompt_box_markup.html.erb within layouts/inlined_string (0.3ms)
  Rendered /Users/hough/.rbenv/versions/2.3.4/lib/ruby/gems/2.3.0/gems/web-console-2.2.1/lib/web_console/templates/style.css.erb within layouts/inlined_string (0.5ms)
  Rendered /Users/hough/.rbenv/versions/2.3.4/lib/ruby/gems/2.3.0/gems/web-console-2.2.1/lib/web_console/templates/console.js.erb within layouts/javascript (61.8ms)
  Rendered /Users/hough/.rbenv/versions/2.3.4/lib/ruby/gems/2.3.0/gems/web-console-2.2.1/lib/web_console/templates/main.js.erb within layouts/javascript (0.3ms)
  Rendered /Users/hough/.rbenv/versions/2.3.4/lib/ruby/gems/2.3.0/gems/web-console-2.2.1/lib/web_console/templates/error_page.js.erb within layouts/javascript (0.5ms)
  Rendered /Users/hough/.rbenv/versions/2.3.4/lib/ruby/gems/2.3.0/gems/web-console-2.2.1/lib/web_console/templates/index.html.erb (143.3ms)


Started GET "/authors/show" for ::1 at 2017-12-14 08:21:05 +1000
Processing by AuthorsController#show as HTML
  [1m[36mAuthor Load (0.2ms)[0m  [1mSELECT  "authors".* FROM "authors" LIMIT 1[0m
  Rendered authors/show.html.erb within layouts/application (0.4ms)
Completed 200 OK in 27ms (Views: 21.5ms | ActiveRecord: 0.3ms)


Started GET "/posts/show" for ::1 at 2017-12-14 08:21:51 +1000
Processing by PostsController#show as HTML
  Parameters: {"id"=>"show"}
  [1m[35mPost Load (0.4ms)[0m  SELECT  "posts".* FROM "posts" WHERE "posts"."id" = ? LIMIT 1  [["id", 0]]
Completed 404 Not Found in 12ms (ActiveRecord: 1.0ms)

ActiveRecord::RecordNotFound (Couldn't find Post with 'id'=show):
  app/controllers/posts_controller.rb:7:in `show'


  Rendered /Users/hough/.rbenv/versions/2.3.4/lib/ruby/gems/2.3.0/gems/actionpack-4.2.5/lib/action_dispatch/middleware/templates/rescues/_source.erb (3.3ms)
  Rendered /Users/hough/.rbenv/versions/2.3.4/lib/ruby/gems/2.3.0/gems/actionpack-4.2.5/lib/action_dispatch/middleware/templates/rescues/_trace.html.erb (1.6ms)
  Rendered /Users/hough/.rbenv/versions/2.3.4/lib/ruby/gems/2.3.0/gems/actionpack-4.2.5/lib/action_dispatch/middleware/templates/rescues/_request_and_response.html.erb (1.0ms)
  Rendered /Users/hough/.rbenv/versions/2.3.4/lib/ruby/gems/2.3.0/gems/actionpack-4.2.5/lib/action_dispatch/middleware/templates/rescues/diagnostics.html.erb within rescues/layout (68.8ms)
  Rendered /Users/hough/.rbenv/versions/2.3.4/lib/ruby/gems/2.3.0/gems/web-console-2.2.1/lib/web_console/templates/_markup.html.erb (0.4ms)
  Rendered /Users/hough/.rbenv/versions/2.3.4/lib/ruby/gems/2.3.0/gems/web-console-2.2.1/lib/web_console/templates/_inner_console_markup.html.erb within layouts/inlined_string (0.3ms)
  Rendered /Users/hough/.rbenv/versions/2.3.4/lib/ruby/gems/2.3.0/gems/web-console-2.2.1/lib/web_console/templates/_prompt_box_markup.html.erb within layouts/inlined_string (0.3ms)
  Rendered /Users/hough/.rbenv/versions/2.3.4/lib/ruby/gems/2.3.0/gems/web-console-2.2.1/lib/web_console/templates/style.css.erb within layouts/inlined_string (0.3ms)
  Rendered /Users/hough/.rbenv/versions/2.3.4/lib/ruby/gems/2.3.0/gems/web-console-2.2.1/lib/web_console/templates/console.js.erb within layouts/javascript (58.6ms)
  Rendered /Users/hough/.rbenv/versions/2.3.4/lib/ruby/gems/2.3.0/gems/web-console-2.2.1/lib/web_console/templates/main.js.erb within layouts/javascript (0.2ms)
  Rendered /Users/hough/.rbenv/versions/2.3.4/lib/ruby/gems/2.3.0/gems/web-console-2.2.1/lib/web_console/templates/error_page.js.erb within layouts/javascript (0.6ms)
  Rendered /Users/hough/.rbenv/versions/2.3.4/lib/ruby/gems/2.3.0/gems/web-console-2.2.1/lib/web_console/templates/index.html.erb (134.9ms)


Started GET "/posts/1" for ::1 at 2017-12-14 08:21:57 +1000
Processing by PostsController#show as HTML
  Parameters: {"id"=>"1"}
  [1m[36mPost Load (0.1ms)[0m  [1mSELECT  "posts".* FROM "posts" WHERE "posts"."id" = ? LIMIT 1[0m  [["id", 1]]
  Rendered posts/show.html.erb within layouts/application (0.5ms)
Completed 200 OK in 25ms (Views: 21.6ms | ActiveRecord: 0.1ms)


Started GET "/posts/1" for ::1 at 2017-12-14 08:22:27 +1000
Processing by PostsController#show as HTML
  Parameters: {"id"=>"1"}
  [1m[35mPost Load (0.1ms)[0m  SELECT  "posts".* FROM "posts" WHERE "posts"."id" = ? LIMIT 1  [["id", 1]]
  Rendered posts/show.html.erb within layouts/application (2.9ms)
Completed 500 Internal Server Error in 14ms (ActiveRecord: 0.4ms)

ActionView::Template::Error (undefined method `pry' for #<Binding:0x007ffe347133d0>
Did you mean?  try):
    1: <h1><%= title @post.title %></h1>
    2: <p><%= last_updated(@post) %></p>
    3: <p><%= @post.description %></p>
  app/helpers/application_helper.rb:4:in `title'
  app/views/posts/show.html.erb:1:in `_app_views_posts_show_html_erb__651366669405893218_70364890731240'


  Rendered /Users/hough/.rbenv/versions/2.3.4/lib/ruby/gems/2.3.0/gems/actionpack-4.2.5/lib/action_dispatch/middleware/templates/rescues/_source.erb (4.1ms)
  Rendered /Users/hough/.rbenv/versions/2.3.4/lib/ruby/gems/2.3.0/gems/actionpack-4.2.5/lib/action_dispatch/middleware/templates/rescues/_trace.html.erb (2.4ms)
  Rendered /Users/hough/.rbenv/versions/2.3.4/lib/ruby/gems/2.3.0/gems/actionpack-4.2.5/lib/action_dispatch/middleware/templates/rescues/_request_and_response.html.erb (0.9ms)
  Rendered /Users/hough/.rbenv/versions/2.3.4/lib/ruby/gems/2.3.0/gems/actionpack-4.2.5/lib/action_dispatch/middleware/templates/rescues/template_error.html.erb within rescues/layout (67.2ms)
  Rendered /Users/hough/.rbenv/versions/2.3.4/lib/ruby/gems/2.3.0/gems/web-console-2.2.1/lib/web_console/templates/_markup.html.erb (0.3ms)
  Rendered /Users/hough/.rbenv/versions/2.3.4/lib/ruby/gems/2.3.0/gems/web-console-2.2.1/lib/web_console/templates/_inner_console_markup.html.erb within layouts/inlined_string (0.2ms)
  Rendered /Users/hough/.rbenv/versions/2.3.4/lib/ruby/gems/2.3.0/gems/web-console-2.2.1/lib/web_console/templates/_prompt_box_markup.html.erb within layouts/inlined_string (0.3ms)
  Rendered /Users/hough/.rbenv/versions/2.3.4/lib/ruby/gems/2.3.0/gems/web-console-2.2.1/lib/web_console/templates/style.css.erb within layouts/inlined_string (0.3ms)
  Rendered /Users/hough/.rbenv/versions/2.3.4/lib/ruby/gems/2.3.0/gems/web-console-2.2.1/lib/web_console/templates/console.js.erb within layouts/javascript (57.3ms)
  Rendered /Users/hough/.rbenv/versions/2.3.4/lib/ruby/gems/2.3.0/gems/web-console-2.2.1/lib/web_console/templates/main.js.erb within layouts/javascript (0.3ms)
  Rendered /Users/hough/.rbenv/versions/2.3.4/lib/ruby/gems/2.3.0/gems/web-console-2.2.1/lib/web_console/templates/error_page.js.erb within layouts/javascript (0.4ms)
  Rendered /Users/hough/.rbenv/versions/2.3.4/lib/ruby/gems/2.3.0/gems/web-console-2.2.1/lib/web_console/templates/index.html.erb (127.9ms)


Started GET "/posts/1" for ::1 at 2017-12-14 08:22:37 +1000
Processing by PostsController#show as HTML
  Parameters: {"id"=>"1"}
  [1m[36mPost Load (0.1ms)[0m  [1mSELECT  "posts".* FROM "posts" WHERE "posts"."id" = ? LIMIT 1[0m  [["id", 1]]
  Rendered posts/show.html.erb within layouts/application (12500.5ms)
Completed 500 Internal Server Error in 12513ms (ActiveRecord: 0.5ms)

SystemExit (exit):
  app/helpers/application_helper.rb:5:in `title'
  app/views/posts/show.html.erb:1:in `_app_views_posts_show_html_erb__651366669405893218_70364890731240'


  Rendered /Users/hough/.rbenv/versions/2.3.4/lib/ruby/gems/2.3.0/gems/actionpack-4.2.5/lib/action_dispatch/middleware/templates/rescues/_source.erb (106.2ms)
  Rendered /Users/hough/.rbenv/versions/2.3.4/lib/ruby/gems/2.3.0/gems/actionpack-4.2.5/lib/action_dispatch/middleware/templates/rescues/_trace.html.erb (26.8ms)
  Rendered /Users/hough/.rbenv/versions/2.3.4/lib/ruby/gems/2.3.0/gems/actionpack-4.2.5/lib/action_dispatch/middleware/templates/rescues/_request_and_response.html.erb (3.4ms)
  Rendered /Users/hough/.rbenv/versions/2.3.4/lib/ruby/gems/2.3.0/gems/actionpack-4.2.5/lib/action_dispatch/middleware/templates/rescues/diagnostics.html.erb within rescues/layout (215.1ms)
  Rendered /Users/hough/.rbenv/versions/2.3.4/lib/ruby/gems/2.3.0/gems/web-console-2.2.1/lib/web_console/templates/_markup.html.erb (1.6ms)
  Rendered /Users/hough/.rbenv/versions/2.3.4/lib/ruby/gems/2.3.0/gems/web-console-2.2.1/lib/web_console/templates/_inner_console_markup.html.erb within layouts/inlined_string (1.1ms)
  Rendered /Users/hough/.rbenv/versions/2.3.4/lib/ruby/gems/2.3.0/gems/web-console-2.2.1/lib/web_console/templates/_prompt_box_markup.html.erb within layouts/inlined_string (0.8ms)
  Rendered /Users/hough/.rbenv/versions/2.3.4/lib/ruby/gems/2.3.0/gems/web-console-2.2.1/lib/web_console/templates/style.css.erb within layouts/inlined_string (0.9ms)
  Rendered /Users/hough/.rbenv/versions/2.3.4/lib/ruby/gems/2.3.0/gems/web-console-2.2.1/lib/web_console/templates/console.js.erb within layouts/javascript (95.4ms)
  Rendered /Users/hough/.rbenv/versions/2.3.4/lib/ruby/gems/2.3.0/gems/web-console-2.2.1/lib/web_console/templates/main.js.erb within layouts/javascript (0.8ms)
  Rendered /Users/hough/.rbenv/versions/2.3.4/lib/ruby/gems/2.3.0/gems/web-console-2.2.1/lib/web_console/templates/error_page.js.erb within layouts/javascript (1.2ms)
  Rendered /Users/hough/.rbenv/versions/2.3.4/lib/ruby/gems/2.3.0/gems/web-console-2.2.1/lib/web_console/templates/index.html.erb (204.5ms)
  [1m[36m (0.1ms)[0m  [1mbegin transaction[0m
  [1m[35mSQL (0.6ms)[0m  INSERT INTO "posts" ("title", "description", "created_at", "updated_at") VALUES (?, ?, ?, ?)  [["title", "My Post"], ["description", "My post desc"], ["created_at", "2017-12-13 22:25:10.109045"], ["updated_at", "2017-12-13 22:25:10.109045"]]
  [1m[36m (0.9ms)[0m  [1mcommit transaction[0m
  [1m[35mPost Load (0.2ms)[0m  SELECT  "posts".* FROM "posts"  ORDER BY "posts"."id" DESC LIMIT 1


Started GET "/posts/2" for ::1 at 2017-12-14 08:25:19 +1000
Processing by PostsController#show as HTML
  Parameters: {"id"=>"2"}
  [1m[35mPost Load (0.4ms)[0m  SELECT  "posts".* FROM "posts" WHERE "posts"."id" = ? LIMIT 1  [["id", 2]]
  Rendered posts/show.html.erb within layouts/application (0.8ms)
Completed 200 OK in 131ms (Views: 89.6ms | ActiveRecord: 11.4ms)


Started GET "/posts/2" for ::1 at 2017-12-14 08:28:09 +1000
Processing by PostsController#show as HTML
  Parameters: {"id"=>"2"}
  [1m[36mPost Load (0.2ms)[0m  [1mSELECT  "posts".* FROM "posts" WHERE "posts"."id" = ? LIMIT 1[0m  [["id", 2]]
  Rendered posts/show.html.erb within layouts/application (1.0ms)
Completed 200 OK in 123ms (Views: 112.6ms | ActiveRecord: 0.2ms)


Started GET "/posts/2" for ::1 at 2017-12-14 08:28:17 +1000
Processing by PostsController#show as HTML
  Parameters: {"id"=>"2"}
  [1m[35mPost Load (0.5ms)[0m  SELECT  "posts".* FROM "posts" WHERE "posts"."id" = ? LIMIT 1  [["id", 2]]
  Rendered posts/show.html.erb within layouts/application (2.7ms)
Completed 200 OK in 118ms (Views: 102.4ms | ActiveRecord: 0.5ms)


Started GET "/posts/2" for ::1 at 2017-12-14 08:28:23 +1000
Processing by PostsController#show as HTML
  Parameters: {"id"=>"2"}
  [1m[36mPost Load (0.4ms)[0m  [1mSELECT  "posts".* FROM "posts" WHERE "posts"."id" = ? LIMIT 1[0m  [["id", 2]]
  Rendered posts/show.html.erb within layouts/application (3.1ms)
Completed 200 OK in 110ms (Views: 103.3ms | ActiveRecord: 0.4ms)


Started GET "/posts/2" for ::1 at 2017-12-14 08:28:39 +1000
Processing by PostsController#show as HTML
  Parameters: {"id"=>"2"}
  [1m[35mPost Load (0.4ms)[0m  SELECT  "posts".* FROM "posts" WHERE "posts"."id" = ? LIMIT 1  [["id", 2]]
  [1m[36mPost Load (0.2ms)[0m  [1mSELECT  "posts".* FROM "posts"  ORDER BY "posts"."id" DESC LIMIT 1[0m
  [1m[35mPost Load (0.2ms)[0m  SELECT  "posts".* FROM "posts"  ORDER BY "posts"."id" DESC LIMIT 1
  Rendered posts/show.html.erb within layouts/application (81948.9ms)
Completed 500 Internal Server Error in 81964ms (ActiveRecord: 0.4ms)

SystemExit (exit):
  app/views/posts/show.html.erb:1:in `_app_views_posts_show_html_erb__651366669405893218_70364936222540'


  Rendered /Users/hough/.rbenv/versions/2.3.4/lib/ruby/gems/2.3.0/gems/actionpack-4.2.5/lib/action_dispatch/middleware/templates/rescues/_source.erb (140.8ms)
  Rendered /Users/hough/.rbenv/versions/2.3.4/lib/ruby/gems/2.3.0/gems/actionpack-4.2.5/lib/action_dispatch/middleware/templates/rescues/_trace.html.erb (46.2ms)
  Rendered /Users/hough/.rbenv/versions/2.3.4/lib/ruby/gems/2.3.0/gems/actionpack-4.2.5/lib/action_dispatch/middleware/templates/rescues/_request_and_response.html.erb (4.9ms)
  Rendered /Users/hough/.rbenv/versions/2.3.4/lib/ruby/gems/2.3.0/gems/actionpack-4.2.5/lib/action_dispatch/middleware/templates/rescues/diagnostics.html.erb within rescues/layout (271.1ms)
  Rendered /Users/hough/.rbenv/versions/2.3.4/lib/ruby/gems/2.3.0/gems/web-console-2.2.1/lib/web_console/templates/_markup.html.erb (1.4ms)
  Rendered /Users/hough/.rbenv/versions/2.3.4/lib/ruby/gems/2.3.0/gems/web-console-2.2.1/lib/web_console/templates/_inner_console_markup.html.erb within layouts/inlined_string (1.2ms)
  Rendered /Users/hough/.rbenv/versions/2.3.4/lib/ruby/gems/2.3.0/gems/web-console-2.2.1/lib/web_console/templates/_prompt_box_markup.html.erb within layouts/inlined_string (1.1ms)
  Rendered /Users/hough/.rbenv/versions/2.3.4/lib/ruby/gems/2.3.0/gems/web-console-2.2.1/lib/web_console/templates/style.css.erb within layouts/inlined_string (0.8ms)
  Rendered /Users/hough/.rbenv/versions/2.3.4/lib/ruby/gems/2.3.0/gems/web-console-2.2.1/lib/web_console/templates/console.js.erb within layouts/javascript (85.5ms)
  Rendered /Users/hough/.rbenv/versions/2.3.4/lib/ruby/gems/2.3.0/gems/web-console-2.2.1/lib/web_console/templates/main.js.erb within layouts/javascript (0.8ms)
  Rendered /Users/hough/.rbenv/versions/2.3.4/lib/ruby/gems/2.3.0/gems/web-console-2.2.1/lib/web_console/templates/error_page.js.erb within layouts/javascript (1.6ms)
  Rendered /Users/hough/.rbenv/versions/2.3.4/lib/ruby/gems/2.3.0/gems/web-console-2.2.1/lib/web_console/templates/index.html.erb (199.6ms)
  [1m[36mActiveRecord::SchemaMigration Load (0.1ms)[0m  [1mSELECT "schema_migrations".* FROM "schema_migrations"[0m
Migrating to ChangePostsTitleToText (20171213223504)
  [1m[35m (0.1ms)[0m  begin transaction
  [1m[36m (0.2ms)[0m  [1mCREATE TEMPORARY TABLE "aposts" ("id" INTEGER PRIMARY KEY AUTOINCREMENT NOT NULL, "title" varchar, "description" text, "created_at" datetime NOT NULL, "updated_at" datetime NOT NULL, "post_status" boolean, "author_id" integer) [0m
  [1m[35m (0.1ms)[0m  SELECT * FROM "posts"
  [1m[36m (0.1ms)[0m  [1mINSERT INTO "aposts" ("id","title","description","created_at","updated_at","post_status","author_id") VALUES (1, 'Testing', 'testing', '2016-01-26 15:06:03.106369', '2016-01-26 15:06:03.106369', NULL, NULL)[0m
  [1m[35m (0.0ms)[0m  INSERT INTO "aposts" ("id","title","description","created_at","updated_at","post_status","author_id") VALUES (2, 'My Post', 'My post desc', '2017-12-13 22:25:10.109045', '2017-12-13 22:25:10.109045', NULL, NULL)
  [1m[36m (0.3ms)[0m  [1mDROP TABLE "posts"[0m
  [1m[35m (0.1ms)[0m  CREATE TABLE "posts" ("id" INTEGER PRIMARY KEY AUTOINCREMENT NOT NULL, "title" text, "description" text, "created_at" datetime NOT NULL, "updated_at" datetime NOT NULL, "post_status" boolean, "author_id" integer) 
  [1m[36m (0.1ms)[0m  [1mSELECT * FROM "aposts"[0m
  [1m[35m (0.0ms)[0m  INSERT INTO "posts" ("id","title","description","created_at","updated_at","post_status","author_id") VALUES (1, 'Testing', 'testing', '2016-01-26 15:06:03.106369', '2016-01-26 15:06:03.106369', NULL, NULL)
  [1m[36m (0.0ms)[0m  [1mINSERT INTO "posts" ("id","title","description","created_at","updated_at","post_status","author_id") VALUES (2, 'My Post', 'My post desc', '2017-12-13 22:25:10.109045', '2017-12-13 22:25:10.109045', NULL, NULL)[0m
  [1m[35m (0.1ms)[0m  DROP TABLE "aposts"
  [1m[36mSQL (0.2ms)[0m  [1mINSERT INTO "schema_migrations" ("version") VALUES (?)[0m  [["version", "20171213223504"]]
  [1m[35m (1.3ms)[0m  commit transaction
  [1m[36mActiveRecord::SchemaMigration Load (0.1ms)[0m  [1mSELECT "schema_migrations".* FROM "schema_migrations"[0m


Started GET "/posts/2" for ::1 at 2017-12-14 08:36:45 +1000
  [1m[36mActiveRecord::SchemaMigration Load (0.4ms)[0m  [1mSELECT "schema_migrations".* FROM "schema_migrations"[0m
Processing by PostsController#show as HTML
  Parameters: {"id"=>"2"}
  [1m[35mPost Load (0.9ms)[0m  SELECT  "posts".* FROM "posts" WHERE "posts"."id" = ? LIMIT 1  [["id", 2]]
  Rendered posts/show.html.erb within layouts/application (1.6ms)
Completed 200 OK in 131ms (Views: 92.4ms | ActiveRecord: 2.6ms)
  [1m[36m (0.1ms)[0m  [1mbegin transaction[0m
  [1m[35mSQL (0.4ms)[0m  INSERT INTO "posts" ("title", "description", "created_at", "updated_at") VALUES (?, ?, ?, ?)  [["title", "My Post Title"], ["description", "My post description"], ["created_at", "2017-12-13 22:55:26.626298"], ["updated_at", "2017-12-13 22:55:26.626298"]]
  [1m[36m (0.6ms)[0m  [1mcommit transaction[0m


Started GET "/posts/3" for ::1 at 2017-12-14 08:55:45 +1000
  [1m[36mActiveRecord::SchemaMigration Load (0.1ms)[0m  [1mSELECT "schema_migrations".* FROM "schema_migrations"[0m
Processing by PostsController#show as HTML
  Parameters: {"id"=>"3"}
  [1m[35mPost Load (0.1ms)[0m  SELECT  "posts".* FROM "posts" WHERE "posts"."id" = ? LIMIT 1  [["id", 3]]
  Rendered posts/show.html.erb within layouts/application (1.1ms)
Completed 200 OK in 193ms (Views: 172.0ms | ActiveRecord: 0.4ms)


Started GET "/posts/3/edit" for ::1 at 2017-12-14 08:56:00 +1000
Processing by PostsController#edit as HTML
  Parameters: {"id"=>"3"}
  [1m[36mPost Load (0.1ms)[0m  [1mSELECT  "posts".* FROM "posts" WHERE "posts"."id" = ? LIMIT 1[0m  [["id", 3]]
  Rendered posts/edit.html.erb within layouts/application (26.6ms)
Completed 200 OK in 42ms (Views: 40.5ms | ActiveRecord: 0.1ms)


Started PATCH "/posts/3" for ::1 at 2017-12-14 08:56:15 +1000
Processing by PostsController#update as HTML
  Parameters: {"utf8"=>"✓", "authenticity_token"=>"sSKhc/LTTzy9LLyqdEqdXZ2PiVZnzek5OTAzx71g8X1HFOsdaP1H0ePOhGUcZ5HEK032og17IyZI+T34EruGSQ==", "post"=>{"title"=>"My edit", "description"=>"My post description"}, "commit"=>"Update Post", "id"=>"3"}
  [1m[35mPost Load (0.1ms)[0m  SELECT  "posts".* FROM "posts" WHERE "posts"."id" = ? LIMIT 1  [["id", 3]]
  [1m[36m (0.1ms)[0m  [1mbegin transaction[0m
  [1m[35mSQL (0.6ms)[0m  UPDATE "posts" SET "title" = ?, "updated_at" = ? WHERE "posts"."id" = ?  [["title", "My Edit"], ["updated_at", "2017-12-13 22:56:15.960618"], ["id", 3]]
  [1m[36m (1.0ms)[0m  [1mcommit transaction[0m
Redirected to http://localhost:3000/posts/3
Completed 302 Found in 7ms (ActiveRecord: 1.8ms)


Started GET "/posts/3" for ::1 at 2017-12-14 08:56:15 +1000
Processing by PostsController#show as HTML
  Parameters: {"id"=>"3"}
  [1m[35mPost Load (0.1ms)[0m  SELECT  "posts".* FROM "posts" WHERE "posts"."id" = ? LIMIT 1  [["id", 3]]
  Rendered posts/show.html.erb within layouts/application (0.2ms)
Completed 200 OK in 26ms (Views: 24.4ms | ActiveRecord: 0.1ms)


Started GET "/posts/3" for ::1 at 2017-12-14 08:57:39 +1000
Processing by PostsController#show as HTML
  Parameters: {"id"=>"3"}
  [1m[36mPost Load (0.1ms)[0m  [1mSELECT  "posts".* FROM "posts" WHERE "posts"."id" = ? LIMIT 1[0m  [["id", 3]]
  Rendered posts/show.html.erb within layouts/application (0.4ms)
Completed 200 OK in 21ms (Views: 19.7ms | ActiveRecord: 0.1ms)
